==76209== Memcheck, a memory error detector
==76209== Copyright (C) 2002-2017, and GNU GPL'd, by Julian Seward et al.
==76209== Using Valgrind-3.18.1 and LibVEX; rerun with -h for copyright info
==76209== Command: ./bin/file-system.out
==76209== Parent PID: 76208
==76209== 
==76209== 
==76209== HEAP SUMMARY:
==76209==     in use at exit: 516 bytes in 3 blocks
==76209==   total heap usage: 23 allocs, 20 frees, 10,753 bytes allocated
==76209== 
==76209== LEAK SUMMARY:
==76209==    definitely lost: 0 bytes in 0 blocks
==76209==    indirectly lost: 0 bytes in 0 blocks
==76209==      possibly lost: 0 bytes in 0 blocks
==76209==    still reachable: 516 bytes in 3 blocks
==76209==         suppressed: 0 bytes in 0 blocks
==76209== Reachable blocks (those to which a pointer was found) are not shown.
==76209== To see them, rerun with: --leak-check=full --show-leak-kinds=all
==76209== 
==76209== For lists of detected and suppressed errors, rerun with: -s
==76209== ERROR SUMMARY: 0 errors from 0 contexts (suppressed: 0 from 0)
