==48468== Memcheck, a memory error detector
==48468== Copyright (C) 2002-2017, and GNU GPL'd, by Julian Seward et al.
==48468== Using Valgrind-3.18.1 and LibVEX; rerun with -h for copyright info
==48468== Command: ./bin/memoria.out ./config/memoriaFirst.config
==48468== Parent PID: 48467
==48468== 
==48468== 
==48468== Process terminating with default action of signal 2 (SIGINT)
==48468==    at 0x499D60F: accept (accept.c:26)
==48468==    by 0x10C5AC: esperar_cliente (conexiones.c:80)
==48468==    by 0x10A77A: conectar_modulos (conectar_modulos.c:10)
==48468==    by 0x10B245: main (memoria.c:18)
==48468== 
==48468== HEAP SUMMARY:
==48468==     in use at exit: 9,542 bytes in 44 blocks
==48468==   total heap usage: 188 allocs, 144 frees, 27,728 bytes allocated
==48468== 
==48468== 272 bytes in 1 blocks are possibly lost in loss record 20 of 26
==48468==    at 0x484DA83: calloc (in /usr/libexec/valgrind/vgpreload_memcheck-amd64-linux.so)
==48468==    by 0x40147D9: calloc (rtld-malloc.h:44)
==48468==    by 0x40147D9: allocate_dtv (dl-tls.c:375)
==48468==    by 0x40147D9: _dl_allocate_tls (dl-tls.c:634)
==48468==    by 0x490B834: allocate_stack (allocatestack.c:430)
==48468==    by 0x490B834: pthread_create@@GLIBC_2.34 (pthread_create.c:647)
==48468==    by 0x10A89A: conectar_modulos (conectar_modulos.c:27)
==48468==    by 0x10B245: main (memoria.c:18)
==48468== 
==48468== 272 bytes in 1 blocks are possibly lost in loss record 21 of 26
==48468==    at 0x484DA83: calloc (in /usr/libexec/valgrind/vgpreload_memcheck-amd64-linux.so)
==48468==    by 0x40147D9: calloc (rtld-malloc.h:44)
==48468==    by 0x40147D9: allocate_dtv (dl-tls.c:375)
==48468==    by 0x40147D9: _dl_allocate_tls (dl-tls.c:634)
==48468==    by 0x490B834: allocate_stack (allocatestack.c:430)
==48468==    by 0x490B834: pthread_create@@GLIBC_2.34 (pthread_create.c:647)
==48468==    by 0x10A7EA: conectar_modulos (conectar_modulos.c:15)
==48468==    by 0x10B245: main (memoria.c:18)
==48468== 
==48468== LEAK SUMMARY:
==48468==    definitely lost: 0 bytes in 0 blocks
==48468==    indirectly lost: 0 bytes in 0 blocks
==48468==      possibly lost: 544 bytes in 2 blocks
==48468==    still reachable: 8,998 bytes in 42 blocks
==48468==         suppressed: 0 bytes in 0 blocks
==48468== Reachable blocks (those to which a pointer was found) are not shown.
==48468== To see them, rerun with: --leak-check=full --show-leak-kinds=all
==48468== 
==48468== For lists of detected and suppressed errors, rerun with: -s
==48468== ERROR SUMMARY: 2 errors from 2 contexts (suppressed: 0 from 0)
