==7717== Memcheck, a memory error detector
==7717== Copyright (C) 2002-2017, and GNU GPL'd, by Julian Seward et al.
==7717== Using Valgrind-3.18.1 and LibVEX; rerun with -h for copyright info
==7717== Command: ./bin/cpu.out ./config/cpuMemoria.config
==7717== Parent PID: 7716
==7717== 
==7717== Invalid read of size 4
==7717==    at 0x10BA34: deserializar_tabla_segmentos (mensajes.c:227)
==7717==    by 0x10BD37: deserializar_contexto (mensajes.c:276)
==7717==    by 0x10980B: recibir_paquete_kernel (in /home/utnso/tp-2023-1c-Los-pibardos-de-operativos/cpu/bin/cpu.out)
==7717==    by 0x109712: enviado_de_kernel (in /home/utnso/tp-2023-1c-Los-pibardos-de-operativos/cpu/bin/cpu.out)
==7717==    by 0x1096D2: conectar_kernel (in /home/utnso/tp-2023-1c-Los-pibardos-de-operativos/cpu/bin/cpu.out)
==7717==    by 0x109A42: main (in /home/utnso/tp-2023-1c-Los-pibardos-de-operativos/cpu/bin/cpu.out)
==7717==  Address 0x4aa62f0 is 0 bytes inside a block of size 4 free'd
==7717==    at 0x484B27F: free (in /usr/libexec/valgrind/vgpreload_memcheck-amd64-linux.so)
==7717==    by 0x10C39E: deserealizar_motivos_desalojo (mensajes.c:369)
==7717==    by 0x10BD19: deserializar_contexto (mensajes.c:273)
==7717==    by 0x10980B: recibir_paquete_kernel (in /home/utnso/tp-2023-1c-Los-pibardos-de-operativos/cpu/bin/cpu.out)
==7717==    by 0x109712: enviado_de_kernel (in /home/utnso/tp-2023-1c-Los-pibardos-de-operativos/cpu/bin/cpu.out)
==7717==    by 0x1096D2: conectar_kernel (in /home/utnso/tp-2023-1c-Los-pibardos-de-operativos/cpu/bin/cpu.out)
==7717==    by 0x109A42: main (in /home/utnso/tp-2023-1c-Los-pibardos-de-operativos/cpu/bin/cpu.out)
==7717==  Block was alloc'd at
==7717==    at 0x4848899: malloc (in /usr/libexec/valgrind/vgpreload_memcheck-amd64-linux.so)
==7717==    by 0x1097EA: recibir_paquete_kernel (in /home/utnso/tp-2023-1c-Los-pibardos-de-operativos/cpu/bin/cpu.out)
==7717==    by 0x109712: enviado_de_kernel (in /home/utnso/tp-2023-1c-Los-pibardos-de-operativos/cpu/bin/cpu.out)
==7717==    by 0x1096D2: conectar_kernel (in /home/utnso/tp-2023-1c-Los-pibardos-de-operativos/cpu/bin/cpu.out)
==7717==    by 0x109A42: main (in /home/utnso/tp-2023-1c-Los-pibardos-de-operativos/cpu/bin/cpu.out)
==7717== 
==7717== Invalid read of size 4
==7717==    at 0x10BA40: deserializar_tabla_segmentos (mensajes.c:227)
==7717==    by 0x10BD37: deserializar_contexto (mensajes.c:276)
==7717==    by 0x10980B: recibir_paquete_kernel (in /home/utnso/tp-2023-1c-Los-pibardos-de-operativos/cpu/bin/cpu.out)
==7717==    by 0x109712: enviado_de_kernel (in /home/utnso/tp-2023-1c-Los-pibardos-de-operativos/cpu/bin/cpu.out)
==7717==    by 0x1096D2: conectar_kernel (in /home/utnso/tp-2023-1c-Los-pibardos-de-operativos/cpu/bin/cpu.out)
==7717==    by 0x109A42: main (in /home/utnso/tp-2023-1c-Los-pibardos-de-operativos/cpu/bin/cpu.out)
==7717==  Address 0x4aa61ab is 315 bytes inside a block of size 575 free'd
==7717==    at 0x484B27F: free (in /usr/libexec/valgrind/vgpreload_memcheck-amd64-linux.so)
==7717==    by 0x10C392: deserealizar_motivos_desalojo (mensajes.c:368)
==7717==    by 0x10BD19: deserializar_contexto (mensajes.c:273)
==7717==    by 0x10980B: recibir_paquete_kernel (in /home/utnso/tp-2023-1c-Los-pibardos-de-operativos/cpu/bin/cpu.out)
==7717==    by 0x109712: enviado_de_kernel (in /home/utnso/tp-2023-1c-Los-pibardos-de-operativos/cpu/bin/cpu.out)
==7717==    by 0x1096D2: conectar_kernel (in /home/utnso/tp-2023-1c-Los-pibardos-de-operativos/cpu/bin/cpu.out)
==7717==    by 0x109A42: main (in /home/utnso/tp-2023-1c-Los-pibardos-de-operativos/cpu/bin/cpu.out)
==7717==  Block was alloc'd at
==7717==    at 0x4848899: malloc (in /usr/libexec/valgrind/vgpreload_memcheck-amd64-linux.so)
==7717==    by 0x10B415: recibir_buffer (mensajes.c:108)
==7717==    by 0x1097DC: recibir_paquete_kernel (in /home/utnso/tp-2023-1c-Los-pibardos-de-operativos/cpu/bin/cpu.out)
==7717==    by 0x109712: enviado_de_kernel (in /home/utnso/tp-2023-1c-Los-pibardos-de-operativos/cpu/bin/cpu.out)
==7717==    by 0x1096D2: conectar_kernel (in /home/utnso/tp-2023-1c-Los-pibardos-de-operativos/cpu/bin/cpu.out)
==7717==    by 0x109A42: main (in /home/utnso/tp-2023-1c-Los-pibardos-de-operativos/cpu/bin/cpu.out)
==7717== 
==7717== Invalid read of size 4
==7717==    at 0x10BA49: deserializar_tabla_segmentos (mensajes.c:228)
==7717==    by 0x10BD37: deserializar_contexto (mensajes.c:276)
==7717==    by 0x10980B: recibir_paquete_kernel (in /home/utnso/tp-2023-1c-Los-pibardos-de-operativos/cpu/bin/cpu.out)
==7717==    by 0x109712: enviado_de_kernel (in /home/utnso/tp-2023-1c-Los-pibardos-de-operativos/cpu/bin/cpu.out)
==7717==    by 0x1096D2: conectar_kernel (in /home/utnso/tp-2023-1c-Los-pibardos-de-operativos/cpu/bin/cpu.out)
==7717==    by 0x109A42: main (in /home/utnso/tp-2023-1c-Los-pibardos-de-operativos/cpu/bin/cpu.out)
==7717==  Address 0x4aa62f0 is 0 bytes inside a block of size 4 free'd
==7717==    at 0x484B27F: free (in /usr/libexec/valgrind/vgpreload_memcheck-amd64-linux.so)
==7717==    by 0x10C39E: deserealizar_motivos_desalojo (mensajes.c:369)
==7717==    by 0x10BD19: deserializar_contexto (mensajes.c:273)
==7717==    by 0x10980B: recibir_paquete_kernel (in /home/utnso/tp-2023-1c-Los-pibardos-de-operativos/cpu/bin/cpu.out)
==7717==    by 0x109712: enviado_de_kernel (in /home/utnso/tp-2023-1c-Los-pibardos-de-operativos/cpu/bin/cpu.out)
==7717==    by 0x1096D2: conectar_kernel (in /home/utnso/tp-2023-1c-Los-pibardos-de-operativos/cpu/bin/cpu.out)
==7717==    by 0x109A42: main (in /home/utnso/tp-2023-1c-Los-pibardos-de-operativos/cpu/bin/cpu.out)
==7717==  Block was alloc'd at
==7717==    at 0x4848899: malloc (in /usr/libexec/valgrind/vgpreload_memcheck-amd64-linux.so)
==7717==    by 0x1097EA: recibir_paquete_kernel (in /home/utnso/tp-2023-1c-Los-pibardos-de-operativos/cpu/bin/cpu.out)
==7717==    by 0x109712: enviado_de_kernel (in /home/utnso/tp-2023-1c-Los-pibardos-de-operativos/cpu/bin/cpu.out)
==7717==    by 0x1096D2: conectar_kernel (in /home/utnso/tp-2023-1c-Los-pibardos-de-operativos/cpu/bin/cpu.out)
==7717==    by 0x109A42: main (in /home/utnso/tp-2023-1c-Los-pibardos-de-operativos/cpu/bin/cpu.out)
==7717== 
==7717== Invalid write of size 4
==7717==    at 0x10BA54: deserializar_tabla_segmentos (mensajes.c:228)
==7717==    by 0x10BD37: deserializar_contexto (mensajes.c:276)
==7717==    by 0x10980B: recibir_paquete_kernel (in /home/utnso/tp-2023-1c-Los-pibardos-de-operativos/cpu/bin/cpu.out)
==7717==    by 0x109712: enviado_de_kernel (in /home/utnso/tp-2023-1c-Los-pibardos-de-operativos/cpu/bin/cpu.out)
==7717==    by 0x1096D2: conectar_kernel (in /home/utnso/tp-2023-1c-Los-pibardos-de-operativos/cpu/bin/cpu.out)
==7717==    by 0x109A42: main (in /home/utnso/tp-2023-1c-Los-pibardos-de-operativos/cpu/bin/cpu.out)
==7717==  Address 0x4aa62f0 is 0 bytes inside a block of size 4 free'd
==7717==    at 0x484B27F: free (in /usr/libexec/valgrind/vgpreload_memcheck-amd64-linux.so)
==7717==    by 0x10C39E: deserealizar_motivos_desalojo (mensajes.c:369)
==7717==    by 0x10BD19: deserializar_contexto (mensajes.c:273)
==7717==    by 0x10980B: recibir_paquete_kernel (in /home/utnso/tp-2023-1c-Los-pibardos-de-operativos/cpu/bin/cpu.out)
==7717==    by 0x109712: enviado_de_kernel (in /home/utnso/tp-2023-1c-Los-pibardos-de-operativos/cpu/bin/cpu.out)
==7717==    by 0x1096D2: conectar_kernel (in /home/utnso/tp-2023-1c-Los-pibardos-de-operativos/cpu/bin/cpu.out)
==7717==    by 0x109A42: main (in /home/utnso/tp-2023-1c-Los-pibardos-de-operativos/cpu/bin/cpu.out)
==7717==  Block was alloc'd at
==7717==    at 0x4848899: malloc (in /usr/libexec/valgrind/vgpreload_memcheck-amd64-linux.so)
==7717==    by 0x1097EA: recibir_paquete_kernel (in /home/utnso/tp-2023-1c-Los-pibardos-de-operativos/cpu/bin/cpu.out)
==7717==    by 0x109712: enviado_de_kernel (in /home/utnso/tp-2023-1c-Los-pibardos-de-operativos/cpu/bin/cpu.out)
==7717==    by 0x1096D2: conectar_kernel (in /home/utnso/tp-2023-1c-Los-pibardos-de-operativos/cpu/bin/cpu.out)
==7717==    by 0x109A42: main (in /home/utnso/tp-2023-1c-Los-pibardos-de-operativos/cpu/bin/cpu.out)
==7717== 
==7717== Invalid read of size 4
==7717==    at 0x10BA74: deserializar_tabla_segmentos (mensajes.c:231)
==7717==    by 0x10BD37: deserializar_contexto (mensajes.c:276)
==7717==    by 0x10980B: recibir_paquete_kernel (in /home/utnso/tp-2023-1c-Los-pibardos-de-operativos/cpu/bin/cpu.out)
==7717==    by 0x109712: enviado_de_kernel (in /home/utnso/tp-2023-1c-Los-pibardos-de-operativos/cpu/bin/cpu.out)
==7717==    by 0x1096D2: conectar_kernel (in /home/utnso/tp-2023-1c-Los-pibardos-de-operativos/cpu/bin/cpu.out)
==7717==    by 0x109A42: main (in /home/utnso/tp-2023-1c-Los-pibardos-de-operativos/cpu/bin/cpu.out)
==7717==  Address 0x4aa62f0 is 0 bytes inside a block of size 4 free'd
==7717==    at 0x484B27F: free (in /usr/libexec/valgrind/vgpreload_memcheck-amd64-linux.so)
==7717==    by 0x10C39E: deserealizar_motivos_desalojo (mensajes.c:369)
==7717==    by 0x10BD19: deserializar_contexto (mensajes.c:273)
==7717==    by 0x10980B: recibir_paquete_kernel (in /home/utnso/tp-2023-1c-Los-pibardos-de-operativos/cpu/bin/cpu.out)
==7717==    by 0x109712: enviado_de_kernel (in /home/utnso/tp-2023-1c-Los-pibardos-de-operativos/cpu/bin/cpu.out)
==7717==    by 0x1096D2: conectar_kernel (in /home/utnso/tp-2023-1c-Los-pibardos-de-operativos/cpu/bin/cpu.out)
==7717==    by 0x109A42: main (in /home/utnso/tp-2023-1c-Los-pibardos-de-operativos/cpu/bin/cpu.out)
==7717==  Block was alloc'd at
==7717==    at 0x4848899: malloc (in /usr/libexec/valgrind/vgpreload_memcheck-amd64-linux.so)
==7717==    by 0x1097EA: recibir_paquete_kernel (in /home/utnso/tp-2023-1c-Los-pibardos-de-operativos/cpu/bin/cpu.out)
==7717==    by 0x109712: enviado_de_kernel (in /home/utnso/tp-2023-1c-Los-pibardos-de-operativos/cpu/bin/cpu.out)
==7717==    by 0x1096D2: conectar_kernel (in /home/utnso/tp-2023-1c-Los-pibardos-de-operativos/cpu/bin/cpu.out)
==7717==    by 0x109A42: main (in /home/utnso/tp-2023-1c-Los-pibardos-de-operativos/cpu/bin/cpu.out)
==7717== 
==7717== Invalid read of size 4
==7717==    at 0x10BA84: deserializar_tabla_segmentos (mensajes.c:231)
==7717==    by 0x10BD37: deserializar_contexto (mensajes.c:276)
==7717==    by 0x10980B: recibir_paquete_kernel (in /home/utnso/tp-2023-1c-Los-pibardos-de-operativos/cpu/bin/cpu.out)
==7717==    by 0x109712: enviado_de_kernel (in /home/utnso/tp-2023-1c-Los-pibardos-de-operativos/cpu/bin/cpu.out)
==7717==    by 0x1096D2: conectar_kernel (in /home/utnso/tp-2023-1c-Los-pibardos-de-operativos/cpu/bin/cpu.out)
==7717==    by 0x109A42: main (in /home/utnso/tp-2023-1c-Los-pibardos-de-operativos/cpu/bin/cpu.out)
==7717==  Address 0x4aa61af is 319 bytes inside a block of size 575 free'd
==7717==    at 0x484B27F: free (in /usr/libexec/valgrind/vgpreload_memcheck-amd64-linux.so)
==7717==    by 0x10C392: deserealizar_motivos_desalojo (mensajes.c:368)
==7717==    by 0x10BD19: deserializar_contexto (mensajes.c:273)
==7717==    by 0x10980B: recibir_paquete_kernel (in /home/utnso/tp-2023-1c-Los-pibardos-de-operativos/cpu/bin/cpu.out)
==7717==    by 0x109712: enviado_de_kernel (in /home/utnso/tp-2023-1c-Los-pibardos-de-operativos/cpu/bin/cpu.out)
==7717==    by 0x1096D2: conectar_kernel (in /home/utnso/tp-2023-1c-Los-pibardos-de-operativos/cpu/bin/cpu.out)
==7717==    by 0x109A42: main (in /home/utnso/tp-2023-1c-Los-pibardos-de-operativos/cpu/bin/cpu.out)
==7717==  Block was alloc'd at
==7717==    at 0x4848899: malloc (in /usr/libexec/valgrind/vgpreload_memcheck-amd64-linux.so)
==7717==    by 0x10B415: recibir_buffer (mensajes.c:108)
==7717==    by 0x1097DC: recibir_paquete_kernel (in /home/utnso/tp-2023-1c-Los-pibardos-de-operativos/cpu/bin/cpu.out)
==7717==    by 0x109712: enviado_de_kernel (in /home/utnso/tp-2023-1c-Los-pibardos-de-operativos/cpu/bin/cpu.out)
==7717==    by 0x1096D2: conectar_kernel (in /home/utnso/tp-2023-1c-Los-pibardos-de-operativos/cpu/bin/cpu.out)
==7717==    by 0x109A42: main (in /home/utnso/tp-2023-1c-Los-pibardos-de-operativos/cpu/bin/cpu.out)
==7717== 
==7717== Invalid read of size 4
==7717==    at 0x10BA8C: deserializar_tabla_segmentos (mensajes.c:232)
==7717==    by 0x10BD37: deserializar_contexto (mensajes.c:276)
==7717==    by 0x10980B: recibir_paquete_kernel (in /home/utnso/tp-2023-1c-Los-pibardos-de-operativos/cpu/bin/cpu.out)
==7717==    by 0x109712: enviado_de_kernel (in /home/utnso/tp-2023-1c-Los-pibardos-de-operativos/cpu/bin/cpu.out)
==7717==    by 0x1096D2: conectar_kernel (in /home/utnso/tp-2023-1c-Los-pibardos-de-operativos/cpu/bin/cpu.out)
==7717==    by 0x109A42: main (in /home/utnso/tp-2023-1c-Los-pibardos-de-operativos/cpu/bin/cpu.out)
==7717==  Address 0x4aa62f0 is 0 bytes inside a block of size 4 free'd
==7717==    at 0x484B27F: free (in /usr/libexec/valgrind/vgpreload_memcheck-amd64-linux.so)
==7717==    by 0x10C39E: deserealizar_motivos_desalojo (mensajes.c:369)
==7717==    by 0x10BD19: deserializar_contexto (mensajes.c:273)
==7717==    by 0x10980B: recibir_paquete_kernel (in /home/utnso/tp-2023-1c-Los-pibardos-de-operativos/cpu/bin/cpu.out)
==7717==    by 0x109712: enviado_de_kernel (in /home/utnso/tp-2023-1c-Los-pibardos-de-operativos/cpu/bin/cpu.out)
==7717==    by 0x1096D2: conectar_kernel (in /home/utnso/tp-2023-1c-Los-pibardos-de-operativos/cpu/bin/cpu.out)
==7717==    by 0x109A42: main (in /home/utnso/tp-2023-1c-Los-pibardos-de-operativos/cpu/bin/cpu.out)
==7717==  Block was alloc'd at
==7717==    at 0x4848899: malloc (in /usr/libexec/valgrind/vgpreload_memcheck-amd64-linux.so)
==7717==    by 0x1097EA: recibir_paquete_kernel (in /home/utnso/tp-2023-1c-Los-pibardos-de-operativos/cpu/bin/cpu.out)
==7717==    by 0x109712: enviado_de_kernel (in /home/utnso/tp-2023-1c-Los-pibardos-de-operativos/cpu/bin/cpu.out)
==7717==    by 0x1096D2: conectar_kernel (in /home/utnso/tp-2023-1c-Los-pibardos-de-operativos/cpu/bin/cpu.out)
==7717==    by 0x109A42: main (in /home/utnso/tp-2023-1c-Los-pibardos-de-operativos/cpu/bin/cpu.out)
==7717== 
==7717== Invalid write of size 4
==7717==    at 0x10BA97: deserializar_tabla_segmentos (mensajes.c:232)
==7717==    by 0x10BD37: deserializar_contexto (mensajes.c:276)
==7717==    by 0x10980B: recibir_paquete_kernel (in /home/utnso/tp-2023-1c-Los-pibardos-de-operativos/cpu/bin/cpu.out)
==7717==    by 0x109712: enviado_de_kernel (in /home/utnso/tp-2023-1c-Los-pibardos-de-operativos/cpu/bin/cpu.out)
==7717==    by 0x1096D2: conectar_kernel (in /home/utnso/tp-2023-1c-Los-pibardos-de-operativos/cpu/bin/cpu.out)
==7717==    by 0x109A42: main (in /home/utnso/tp-2023-1c-Los-pibardos-de-operativos/cpu/bin/cpu.out)
==7717==  Address 0x4aa62f0 is 0 bytes inside a block of size 4 free'd
==7717==    at 0x484B27F: free (in /usr/libexec/valgrind/vgpreload_memcheck-amd64-linux.so)
==7717==    by 0x10C39E: deserealizar_motivos_desalojo (mensajes.c:369)
==7717==    by 0x10BD19: deserializar_contexto (mensajes.c:273)
==7717==    by 0x10980B: recibir_paquete_kernel (in /home/utnso/tp-2023-1c-Los-pibardos-de-operativos/cpu/bin/cpu.out)
==7717==    by 0x109712: enviado_de_kernel (in /home/utnso/tp-2023-1c-Los-pibardos-de-operativos/cpu/bin/cpu.out)
==7717==    by 0x1096D2: conectar_kernel (in /home/utnso/tp-2023-1c-Los-pibardos-de-operativos/cpu/bin/cpu.out)
==7717==    by 0x109A42: main (in /home/utnso/tp-2023-1c-Los-pibardos-de-operativos/cpu/bin/cpu.out)
==7717==  Block was alloc'd at
==7717==    at 0x4848899: malloc (in /usr/libexec/valgrind/vgpreload_memcheck-amd64-linux.so)
==7717==    by 0x1097EA: recibir_paquete_kernel (in /home/utnso/tp-2023-1c-Los-pibardos-de-operativos/cpu/bin/cpu.out)
==7717==    by 0x109712: enviado_de_kernel (in /home/utnso/tp-2023-1c-Los-pibardos-de-operativos/cpu/bin/cpu.out)
==7717==    by 0x1096D2: conectar_kernel (in /home/utnso/tp-2023-1c-Los-pibardos-de-operativos/cpu/bin/cpu.out)
==7717==    by 0x109A42: main (in /home/utnso/tp-2023-1c-Los-pibardos-de-operativos/cpu/bin/cpu.out)
==7717== 
==7717== Invalid read of size 4
==7717==    at 0x10BA9D: deserializar_tabla_segmentos (mensajes.c:233)
==7717==    by 0x10BD37: deserializar_contexto (mensajes.c:276)
==7717==    by 0x10980B: recibir_paquete_kernel (in /home/utnso/tp-2023-1c-Los-pibardos-de-operativos/cpu/bin/cpu.out)
==7717==    by 0x109712: enviado_de_kernel (in /home/utnso/tp-2023-1c-Los-pibardos-de-operativos/cpu/bin/cpu.out)
==7717==    by 0x1096D2: conectar_kernel (in /home/utnso/tp-2023-1c-Los-pibardos-de-operativos/cpu/bin/cpu.out)
==7717==    by 0x109A42: main (in /home/utnso/tp-2023-1c-Los-pibardos-de-operativos/cpu/bin/cpu.out)
==7717==  Address 0x4aa62f0 is 0 bytes inside a block of size 4 free'd
==7717==    at 0x484B27F: free (in /usr/libexec/valgrind/vgpreload_memcheck-amd64-linux.so)
==7717==    by 0x10C39E: deserealizar_motivos_desalojo (mensajes.c:369)
==7717==    by 0x10BD19: deserializar_contexto (mensajes.c:273)
==7717==    by 0x10980B: recibir_paquete_kernel (in /home/utnso/tp-2023-1c-Los-pibardos-de-operativos/cpu/bin/cpu.out)
==7717==    by 0x109712: enviado_de_kernel (in /home/utnso/tp-2023-1c-Los-pibardos-de-operativos/cpu/bin/cpu.out)
==7717==    by 0x1096D2: conectar_kernel (in /home/utnso/tp-2023-1c-Los-pibardos-de-operativos/cpu/bin/cpu.out)
==7717==    by 0x109A42: main (in /home/utnso/tp-2023-1c-Los-pibardos-de-operativos/cpu/bin/cpu.out)
==7717==  Block was alloc'd at
==7717==    at 0x4848899: malloc (in /usr/libexec/valgrind/vgpreload_memcheck-amd64-linux.so)
==7717==    by 0x1097EA: recibir_paquete_kernel (in /home/utnso/tp-2023-1c-Los-pibardos-de-operativos/cpu/bin/cpu.out)
==7717==    by 0x109712: enviado_de_kernel (in /home/utnso/tp-2023-1c-Los-pibardos-de-operativos/cpu/bin/cpu.out)
==7717==    by 0x1096D2: conectar_kernel (in /home/utnso/tp-2023-1c-Los-pibardos-de-operativos/cpu/bin/cpu.out)
==7717==    by 0x109A42: main (in /home/utnso/tp-2023-1c-Los-pibardos-de-operativos/cpu/bin/cpu.out)
==7717== 
==7717== Invalid read of size 8
==7717==    at 0x10BAB1: deserializar_tabla_segmentos (mensajes.c:233)
==7717==    by 0x10BD37: deserializar_contexto (mensajes.c:276)
==7717==    by 0x10980B: recibir_paquete_kernel (in /home/utnso/tp-2023-1c-Los-pibardos-de-operativos/cpu/bin/cpu.out)
==7717==    by 0x109712: enviado_de_kernel (in /home/utnso/tp-2023-1c-Los-pibardos-de-operativos/cpu/bin/cpu.out)
==7717==    by 0x1096D2: conectar_kernel (in /home/utnso/tp-2023-1c-Los-pibardos-de-operativos/cpu/bin/cpu.out)
==7717==    by 0x109A42: main (in /home/utnso/tp-2023-1c-Los-pibardos-de-operativos/cpu/bin/cpu.out)
==7717==  Address 0x4aa61b3 is 323 bytes inside a block of size 575 free'd
==7717==    at 0x484B27F: free (in /usr/libexec/valgrind/vgpreload_memcheck-amd64-linux.so)
==7717==    by 0x10C392: deserealizar_motivos_desalojo (mensajes.c:368)
==7717==    by 0x10BD19: deserializar_contexto (mensajes.c:273)
==7717==    by 0x10980B: recibir_paquete_kernel (in /home/utnso/tp-2023-1c-Los-pibardos-de-operativos/cpu/bin/cpu.out)
==7717==    by 0x109712: enviado_de_kernel (in /home/utnso/tp-2023-1c-Los-pibardos-de-operativos/cpu/bin/cpu.out)
==7717==    by 0x1096D2: conectar_kernel (in /home/utnso/tp-2023-1c-Los-pibardos-de-operativos/cpu/bin/cpu.out)
==7717==    by 0x109A42: main (in /home/utnso/tp-2023-1c-Los-pibardos-de-operativos/cpu/bin/cpu.out)
==7717==  Block was alloc'd at
==7717==    at 0x4848899: malloc (in /usr/libexec/valgrind/vgpreload_memcheck-amd64-linux.so)
==7717==    by 0x10B415: recibir_buffer (mensajes.c:108)
==7717==    by 0x1097DC: recibir_paquete_kernel (in /home/utnso/tp-2023-1c-Los-pibardos-de-operativos/cpu/bin/cpu.out)
==7717==    by 0x109712: enviado_de_kernel (in /home/utnso/tp-2023-1c-Los-pibardos-de-operativos/cpu/bin/cpu.out)
==7717==    by 0x1096D2: conectar_kernel (in /home/utnso/tp-2023-1c-Los-pibardos-de-operativos/cpu/bin/cpu.out)
==7717==    by 0x109A42: main (in /home/utnso/tp-2023-1c-Los-pibardos-de-operativos/cpu/bin/cpu.out)
==7717== 
==7717== Invalid read of size 4
==7717==    at 0x10BABB: deserializar_tabla_segmentos (mensajes.c:234)
==7717==    by 0x10BD37: deserializar_contexto (mensajes.c:276)
==7717==    by 0x10980B: recibir_paquete_kernel (in /home/utnso/tp-2023-1c-Los-pibardos-de-operativos/cpu/bin/cpu.out)
==7717==    by 0x109712: enviado_de_kernel (in /home/utnso/tp-2023-1c-Los-pibardos-de-operativos/cpu/bin/cpu.out)
==7717==    by 0x1096D2: conectar_kernel (in /home/utnso/tp-2023-1c-Los-pibardos-de-operativos/cpu/bin/cpu.out)
==7717==    by 0x109A42: main (in /home/utnso/tp-2023-1c-Los-pibardos-de-operativos/cpu/bin/cpu.out)
==7717==  Address 0x4aa62f0 is 0 bytes inside a block of size 4 free'd
==7717==    at 0x484B27F: free (in /usr/libexec/valgrind/vgpreload_memcheck-amd64-linux.so)
==7717==    by 0x10C39E: deserealizar_motivos_desalojo (mensajes.c:369)
==7717==    by 0x10BD19: deserializar_contexto (mensajes.c:273)
==7717==    by 0x10980B: recibir_paquete_kernel (in /home/utnso/tp-2023-1c-Los-pibardos-de-operativos/cpu/bin/cpu.out)
==7717==    by 0x109712: enviado_de_kernel (in /home/utnso/tp-2023-1c-Los-pibardos-de-operativos/cpu/bin/cpu.out)
==7717==    by 0x1096D2: conectar_kernel (in /home/utnso/tp-2023-1c-Los-pibardos-de-operativos/cpu/bin/cpu.out)
==7717==    by 0x109A42: main (in /home/utnso/tp-2023-1c-Los-pibardos-de-operativos/cpu/bin/cpu.out)
==7717==  Block was alloc'd at
==7717==    at 0x4848899: malloc (in /usr/libexec/valgrind/vgpreload_memcheck-amd64-linux.so)
==7717==    by 0x1097EA: recibir_paquete_kernel (in /home/utnso/tp-2023-1c-Los-pibardos-de-operativos/cpu/bin/cpu.out)
==7717==    by 0x109712: enviado_de_kernel (in /home/utnso/tp-2023-1c-Los-pibardos-de-operativos/cpu/bin/cpu.out)
==7717==    by 0x1096D2: conectar_kernel (in /home/utnso/tp-2023-1c-Los-pibardos-de-operativos/cpu/bin/cpu.out)
==7717==    by 0x109A42: main (in /home/utnso/tp-2023-1c-Los-pibardos-de-operativos/cpu/bin/cpu.out)
==7717== 
==7717== Invalid write of size 4
==7717==    at 0x10BAC6: deserializar_tabla_segmentos (mensajes.c:234)
==7717==    by 0x10BD37: deserializar_contexto (mensajes.c:276)
==7717==    by 0x10980B: recibir_paquete_kernel (in /home/utnso/tp-2023-1c-Los-pibardos-de-operativos/cpu/bin/cpu.out)
==7717==    by 0x109712: enviado_de_kernel (in /home/utnso/tp-2023-1c-Los-pibardos-de-operativos/cpu/bin/cpu.out)
==7717==    by 0x1096D2: conectar_kernel (in /home/utnso/tp-2023-1c-Los-pibardos-de-operativos/cpu/bin/cpu.out)
==7717==    by 0x109A42: main (in /home/utnso/tp-2023-1c-Los-pibardos-de-operativos/cpu/bin/cpu.out)
==7717==  Address 0x4aa62f0 is 0 bytes inside a block of size 4 free'd
==7717==    at 0x484B27F: free (in /usr/libexec/valgrind/vgpreload_memcheck-amd64-linux.so)
==7717==    by 0x10C39E: deserealizar_motivos_desalojo (mensajes.c:369)
==7717==    by 0x10BD19: deserializar_contexto (mensajes.c:273)
==7717==    by 0x10980B: recibir_paquete_kernel (in /home/utnso/tp-2023-1c-Los-pibardos-de-operativos/cpu/bin/cpu.out)
==7717==    by 0x109712: enviado_de_kernel (in /home/utnso/tp-2023-1c-Los-pibardos-de-operativos/cpu/bin/cpu.out)
==7717==    by 0x1096D2: conectar_kernel (in /home/utnso/tp-2023-1c-Los-pibardos-de-operativos/cpu/bin/cpu.out)
==7717==    by 0x109A42: main (in /home/utnso/tp-2023-1c-Los-pibardos-de-operativos/cpu/bin/cpu.out)
==7717==  Block was alloc'd at
==7717==    at 0x4848899: malloc (in /usr/libexec/valgrind/vgpreload_memcheck-amd64-linux.so)
==7717==    by 0x1097EA: recibir_paquete_kernel (in /home/utnso/tp-2023-1c-Los-pibardos-de-operativos/cpu/bin/cpu.out)
==7717==    by 0x109712: enviado_de_kernel (in /home/utnso/tp-2023-1c-Los-pibardos-de-operativos/cpu/bin/cpu.out)
==7717==    by 0x1096D2: conectar_kernel (in /home/utnso/tp-2023-1c-Los-pibardos-de-operativos/cpu/bin/cpu.out)
==7717==    by 0x109A42: main (in /home/utnso/tp-2023-1c-Los-pibardos-de-operativos/cpu/bin/cpu.out)
==7717== 
==7717== Invalid read of size 4
==7717==    at 0x10BACC: deserializar_tabla_segmentos (mensajes.c:235)
==7717==    by 0x10BD37: deserializar_contexto (mensajes.c:276)
==7717==    by 0x10980B: recibir_paquete_kernel (in /home/utnso/tp-2023-1c-Los-pibardos-de-operativos/cpu/bin/cpu.out)
==7717==    by 0x109712: enviado_de_kernel (in /home/utnso/tp-2023-1c-Los-pibardos-de-operativos/cpu/bin/cpu.out)
==7717==    by 0x1096D2: conectar_kernel (in /home/utnso/tp-2023-1c-Los-pibardos-de-operativos/cpu/bin/cpu.out)
==7717==    by 0x109A42: main (in /home/utnso/tp-2023-1c-Los-pibardos-de-operativos/cpu/bin/cpu.out)
==7717==  Address 0x4aa62f0 is 0 bytes inside a block of size 4 free'd
==7717==    at 0x484B27F: free (in /usr/libexec/valgrind/vgpreload_memcheck-amd64-linux.so)
==7717==    by 0x10C39E: deserealizar_motivos_desalojo (mensajes.c:369)
==7717==    by 0x10BD19: deserializar_contexto (mensajes.c:273)
==7717==    by 0x10980B: recibir_paquete_kernel (in /home/utnso/tp-2023-1c-Los-pibardos-de-operativos/cpu/bin/cpu.out)
==7717==    by 0x109712: enviado_de_kernel (in /home/utnso/tp-2023-1c-Los-pibardos-de-operativos/cpu/bin/cpu.out)
==7717==    by 0x1096D2: conectar_kernel (in /home/utnso/tp-2023-1c-Los-pibardos-de-operativos/cpu/bin/cpu.out)
==7717==    by 0x109A42: main (in /home/utnso/tp-2023-1c-Los-pibardos-de-operativos/cpu/bin/cpu.out)
==7717==  Block was alloc'd at
==7717==    at 0x4848899: malloc (in /usr/libexec/valgrind/vgpreload_memcheck-amd64-linux.so)
==7717==    by 0x1097EA: recibir_paquete_kernel (in /home/utnso/tp-2023-1c-Los-pibardos-de-operativos/cpu/bin/cpu.out)
==7717==    by 0x109712: enviado_de_kernel (in /home/utnso/tp-2023-1c-Los-pibardos-de-operativos/cpu/bin/cpu.out)
==7717==    by 0x1096D2: conectar_kernel (in /home/utnso/tp-2023-1c-Los-pibardos-de-operativos/cpu/bin/cpu.out)
==7717==    by 0x109A42: main (in /home/utnso/tp-2023-1c-Los-pibardos-de-operativos/cpu/bin/cpu.out)
==7717== 
==7717== Invalid read of size 4
==7717==    at 0x10BAE0: deserializar_tabla_segmentos (mensajes.c:235)
==7717==    by 0x10BD37: deserializar_contexto (mensajes.c:276)
==7717==    by 0x10980B: recibir_paquete_kernel (in /home/utnso/tp-2023-1c-Los-pibardos-de-operativos/cpu/bin/cpu.out)
==7717==    by 0x109712: enviado_de_kernel (in /home/utnso/tp-2023-1c-Los-pibardos-de-operativos/cpu/bin/cpu.out)
==7717==    by 0x1096D2: conectar_kernel (in /home/utnso/tp-2023-1c-Los-pibardos-de-operativos/cpu/bin/cpu.out)
==7717==    by 0x109A42: main (in /home/utnso/tp-2023-1c-Los-pibardos-de-operativos/cpu/bin/cpu.out)
==7717==  Address 0x4aa61bb is 331 bytes inside a block of size 575 free'd
==7717==    at 0x484B27F: free (in /usr/libexec/valgrind/vgpreload_memcheck-amd64-linux.so)
==7717==    by 0x10C392: deserealizar_motivos_desalojo (mensajes.c:368)
==7717==    by 0x10BD19: deserializar_contexto (mensajes.c:273)
==7717==    by 0x10980B: recibir_paquete_kernel (in /home/utnso/tp-2023-1c-Los-pibardos-de-operativos/cpu/bin/cpu.out)
==7717==    by 0x109712: enviado_de_kernel (in /home/utnso/tp-2023-1c-Los-pibardos-de-operativos/cpu/bin/cpu.out)
==7717==    by 0x1096D2: conectar_kernel (in /home/utnso/tp-2023-1c-Los-pibardos-de-operativos/cpu/bin/cpu.out)
==7717==    by 0x109A42: main (in /home/utnso/tp-2023-1c-Los-pibardos-de-operativos/cpu/bin/cpu.out)
==7717==  Block was alloc'd at
==7717==    at 0x4848899: malloc (in /usr/libexec/valgrind/vgpreload_memcheck-amd64-linux.so)
==7717==    by 0x10B415: recibir_buffer (mensajes.c:108)
==7717==    by 0x1097DC: recibir_paquete_kernel (in /home/utnso/tp-2023-1c-Los-pibardos-de-operativos/cpu/bin/cpu.out)
==7717==    by 0x109712: enviado_de_kernel (in /home/utnso/tp-2023-1c-Los-pibardos-de-operativos/cpu/bin/cpu.out)
==7717==    by 0x1096D2: conectar_kernel (in /home/utnso/tp-2023-1c-Los-pibardos-de-operativos/cpu/bin/cpu.out)
==7717==    by 0x109A42: main (in /home/utnso/tp-2023-1c-Los-pibardos-de-operativos/cpu/bin/cpu.out)
==7717== 
==7717== Invalid read of size 4
==7717==    at 0x10BAE8: deserializar_tabla_segmentos (mensajes.c:236)
==7717==    by 0x10BD37: deserializar_contexto (mensajes.c:276)
==7717==    by 0x10980B: recibir_paquete_kernel (in /home/utnso/tp-2023-1c-Los-pibardos-de-operativos/cpu/bin/cpu.out)
==7717==    by 0x109712: enviado_de_kernel (in /home/utnso/tp-2023-1c-Los-pibardos-de-operativos/cpu/bin/cpu.out)
==7717==    by 0x1096D2: conectar_kernel (in /home/utnso/tp-2023-1c-Los-pibardos-de-operativos/cpu/bin/cpu.out)
==7717==    by 0x109A42: main (in /home/utnso/tp-2023-1c-Los-pibardos-de-operativos/cpu/bin/cpu.out)
==7717==  Address 0x4aa62f0 is 0 bytes inside a block of size 4 free'd
==7717==    at 0x484B27F: free (in /usr/libexec/valgrind/vgpreload_memcheck-amd64-linux.so)
==7717==    by 0x10C39E: deserealizar_motivos_desalojo (mensajes.c:369)
==7717==    by 0x10BD19: deserializar_contexto (mensajes.c:273)
==7717==    by 0x10980B: recibir_paquete_kernel (in /home/utnso/tp-2023-1c-Los-pibardos-de-operativos/cpu/bin/cpu.out)
==7717==    by 0x109712: enviado_de_kernel (in /home/utnso/tp-2023-1c-Los-pibardos-de-operativos/cpu/bin/cpu.out)
==7717==    by 0x1096D2: conectar_kernel (in /home/utnso/tp-2023-1c-Los-pibardos-de-operativos/cpu/bin/cpu.out)
==7717==    by 0x109A42: main (in /home/utnso/tp-2023-1c-Los-pibardos-de-operativos/cpu/bin/cpu.out)
==7717==  Block was alloc'd at
==7717==    at 0x4848899: malloc (in /usr/libexec/valgrind/vgpreload_memcheck-amd64-linux.so)
==7717==    by 0x1097EA: recibir_paquete_kernel (in /home/utnso/tp-2023-1c-Los-pibardos-de-operativos/cpu/bin/cpu.out)
==7717==    by 0x109712: enviado_de_kernel (in /home/utnso/tp-2023-1c-Los-pibardos-de-operativos/cpu/bin/cpu.out)
==7717==    by 0x1096D2: conectar_kernel (in /home/utnso/tp-2023-1c-Los-pibardos-de-operativos/cpu/bin/cpu.out)
==7717==    by 0x109A42: main (in /home/utnso/tp-2023-1c-Los-pibardos-de-operativos/cpu/bin/cpu.out)
==7717== 
==7717== Invalid write of size 4
==7717==    at 0x10BAF3: deserializar_tabla_segmentos (mensajes.c:236)
==7717==    by 0x10BD37: deserializar_contexto (mensajes.c:276)
==7717==    by 0x10980B: recibir_paquete_kernel (in /home/utnso/tp-2023-1c-Los-pibardos-de-operativos/cpu/bin/cpu.out)
==7717==    by 0x109712: enviado_de_kernel (in /home/utnso/tp-2023-1c-Los-pibardos-de-operativos/cpu/bin/cpu.out)
==7717==    by 0x1096D2: conectar_kernel (in /home/utnso/tp-2023-1c-Los-pibardos-de-operativos/cpu/bin/cpu.out)
==7717==    by 0x109A42: main (in /home/utnso/tp-2023-1c-Los-pibardos-de-operativos/cpu/bin/cpu.out)
==7717==  Address 0x4aa62f0 is 0 bytes inside a block of size 4 free'd
==7717==    at 0x484B27F: free (in /usr/libexec/valgrind/vgpreload_memcheck-amd64-linux.so)
==7717==    by 0x10C39E: deserealizar_motivos_desalojo (mensajes.c:369)
==7717==    by 0x10BD19: deserializar_contexto (mensajes.c:273)
==7717==    by 0x10980B: recibir_paquete_kernel (in /home/utnso/tp-2023-1c-Los-pibardos-de-operativos/cpu/bin/cpu.out)
==7717==    by 0x109712: enviado_de_kernel (in /home/utnso/tp-2023-1c-Los-pibardos-de-operativos/cpu/bin/cpu.out)
==7717==    by 0x1096D2: conectar_kernel (in /home/utnso/tp-2023-1c-Los-pibardos-de-operativos/cpu/bin/cpu.out)
==7717==    by 0x109A42: main (in /home/utnso/tp-2023-1c-Los-pibardos-de-operativos/cpu/bin/cpu.out)
==7717==  Block was alloc'd at
==7717==    at 0x4848899: malloc (in /usr/libexec/valgrind/vgpreload_memcheck-amd64-linux.so)
==7717==    by 0x1097EA: recibir_paquete_kernel (in /home/utnso/tp-2023-1c-Los-pibardos-de-operativos/cpu/bin/cpu.out)
==7717==    by 0x109712: enviado_de_kernel (in /home/utnso/tp-2023-1c-Los-pibardos-de-operativos/cpu/bin/cpu.out)
==7717==    by 0x1096D2: conectar_kernel (in /home/utnso/tp-2023-1c-Los-pibardos-de-operativos/cpu/bin/cpu.out)
==7717==    by 0x109A42: main (in /home/utnso/tp-2023-1c-Los-pibardos-de-operativos/cpu/bin/cpu.out)
==7717== 
==7717== Invalid free() / delete / delete[] / realloc()
==7717==    at 0x484B27F: free (in /usr/libexec/valgrind/vgpreload_memcheck-amd64-linux.so)
==7717==    by 0x10BB2F: deserializar_tabla_segmentos (mensajes.c:240)
==7717==    by 0x10BD37: deserializar_contexto (mensajes.c:276)
==7717==    by 0x10980B: recibir_paquete_kernel (in /home/utnso/tp-2023-1c-Los-pibardos-de-operativos/cpu/bin/cpu.out)
==7717==    by 0x109712: enviado_de_kernel (in /home/utnso/tp-2023-1c-Los-pibardos-de-operativos/cpu/bin/cpu.out)
==7717==    by 0x1096D2: conectar_kernel (in /home/utnso/tp-2023-1c-Los-pibardos-de-operativos/cpu/bin/cpu.out)
==7717==    by 0x109A42: main (in /home/utnso/tp-2023-1c-Los-pibardos-de-operativos/cpu/bin/cpu.out)
==7717==  Address 0x4aa6070 is 0 bytes inside a block of size 575 free'd
==7717==    at 0x484B27F: free (in /usr/libexec/valgrind/vgpreload_memcheck-amd64-linux.so)
==7717==    by 0x10C392: deserealizar_motivos_desalojo (mensajes.c:368)
==7717==    by 0x10BD19: deserializar_contexto (mensajes.c:273)
==7717==    by 0x10980B: recibir_paquete_kernel (in /home/utnso/tp-2023-1c-Los-pibardos-de-operativos/cpu/bin/cpu.out)
==7717==    by 0x109712: enviado_de_kernel (in /home/utnso/tp-2023-1c-Los-pibardos-de-operativos/cpu/bin/cpu.out)
==7717==    by 0x1096D2: conectar_kernel (in /home/utnso/tp-2023-1c-Los-pibardos-de-operativos/cpu/bin/cpu.out)
==7717==    by 0x109A42: main (in /home/utnso/tp-2023-1c-Los-pibardos-de-operativos/cpu/bin/cpu.out)
==7717==  Block was alloc'd at
==7717==    at 0x4848899: malloc (in /usr/libexec/valgrind/vgpreload_memcheck-amd64-linux.so)
==7717==    by 0x10B415: recibir_buffer (mensajes.c:108)
==7717==    by 0x1097DC: recibir_paquete_kernel (in /home/utnso/tp-2023-1c-Los-pibardos-de-operativos/cpu/bin/cpu.out)
==7717==    by 0x109712: enviado_de_kernel (in /home/utnso/tp-2023-1c-Los-pibardos-de-operativos/cpu/bin/cpu.out)
==7717==    by 0x1096D2: conectar_kernel (in /home/utnso/tp-2023-1c-Los-pibardos-de-operativos/cpu/bin/cpu.out)
==7717==    by 0x109A42: main (in /home/utnso/tp-2023-1c-Los-pibardos-de-operativos/cpu/bin/cpu.out)
==7717== 
==7717== Invalid free() / delete / delete[] / realloc()
==7717==    at 0x484B27F: free (in /usr/libexec/valgrind/vgpreload_memcheck-amd64-linux.so)
==7717==    by 0x10BB3B: deserializar_tabla_segmentos (mensajes.c:241)
==7717==    by 0x10BD37: deserializar_contexto (mensajes.c:276)
==7717==    by 0x10980B: recibir_paquete_kernel (in /home/utnso/tp-2023-1c-Los-pibardos-de-operativos/cpu/bin/cpu.out)
==7717==    by 0x109712: enviado_de_kernel (in /home/utnso/tp-2023-1c-Los-pibardos-de-operativos/cpu/bin/cpu.out)
==7717==    by 0x1096D2: conectar_kernel (in /home/utnso/tp-2023-1c-Los-pibardos-de-operativos/cpu/bin/cpu.out)
==7717==    by 0x109A42: main (in /home/utnso/tp-2023-1c-Los-pibardos-de-operativos/cpu/bin/cpu.out)
==7717==  Address 0x4aa62f0 is 0 bytes inside a block of size 4 free'd
==7717==    at 0x484B27F: free (in /usr/libexec/valgrind/vgpreload_memcheck-amd64-linux.so)
==7717==    by 0x10C39E: deserealizar_motivos_desalojo (mensajes.c:369)
==7717==    by 0x10BD19: deserializar_contexto (mensajes.c:273)
==7717==    by 0x10980B: recibir_paquete_kernel (in /home/utnso/tp-2023-1c-Los-pibardos-de-operativos/cpu/bin/cpu.out)
==7717==    by 0x109712: enviado_de_kernel (in /home/utnso/tp-2023-1c-Los-pibardos-de-operativos/cpu/bin/cpu.out)
==7717==    by 0x1096D2: conectar_kernel (in /home/utnso/tp-2023-1c-Los-pibardos-de-operativos/cpu/bin/cpu.out)
==7717==    by 0x109A42: main (in /home/utnso/tp-2023-1c-Los-pibardos-de-operativos/cpu/bin/cpu.out)
==7717==  Block was alloc'd at
==7717==    at 0x4848899: malloc (in /usr/libexec/valgrind/vgpreload_memcheck-amd64-linux.so)
==7717==    by 0x1097EA: recibir_paquete_kernel (in /home/utnso/tp-2023-1c-Los-pibardos-de-operativos/cpu/bin/cpu.out)
==7717==    by 0x109712: enviado_de_kernel (in /home/utnso/tp-2023-1c-Los-pibardos-de-operativos/cpu/bin/cpu.out)
==7717==    by 0x1096D2: conectar_kernel (in /home/utnso/tp-2023-1c-Los-pibardos-de-operativos/cpu/bin/cpu.out)
==7717==    by 0x109A42: main (in /home/utnso/tp-2023-1c-Los-pibardos-de-operativos/cpu/bin/cpu.out)
==7717== 
==7717== Invalid free() / delete / delete[] / realloc()
==7717==    at 0x484B27F: free (in /usr/libexec/valgrind/vgpreload_memcheck-amd64-linux.so)
==7717==    by 0x10BD4E: deserializar_contexto (mensajes.c:278)
==7717==    by 0x10980B: recibir_paquete_kernel (in /home/utnso/tp-2023-1c-Los-pibardos-de-operativos/cpu/bin/cpu.out)
==7717==    by 0x109712: enviado_de_kernel (in /home/utnso/tp-2023-1c-Los-pibardos-de-operativos/cpu/bin/cpu.out)
==7717==    by 0x1096D2: conectar_kernel (in /home/utnso/tp-2023-1c-Los-pibardos-de-operativos/cpu/bin/cpu.out)
==7717==    by 0x109A42: main (in /home/utnso/tp-2023-1c-Los-pibardos-de-operativos/cpu/bin/cpu.out)
==7717==  Address 0x4aa6070 is 0 bytes inside a block of size 575 free'd
==7717==    at 0x484B27F: free (in /usr/libexec/valgrind/vgpreload_memcheck-amd64-linux.so)
==7717==    by 0x10C392: deserealizar_motivos_desalojo (mensajes.c:368)
==7717==    by 0x10BD19: deserializar_contexto (mensajes.c:273)
==7717==    by 0x10980B: recibir_paquete_kernel (in /home/utnso/tp-2023-1c-Los-pibardos-de-operativos/cpu/bin/cpu.out)
==7717==    by 0x109712: enviado_de_kernel (in /home/utnso/tp-2023-1c-Los-pibardos-de-operativos/cpu/bin/cpu.out)
==7717==    by 0x1096D2: conectar_kernel (in /home/utnso/tp-2023-1c-Los-pibardos-de-operativos/cpu/bin/cpu.out)
==7717==    by 0x109A42: main (in /home/utnso/tp-2023-1c-Los-pibardos-de-operativos/cpu/bin/cpu.out)
==7717==  Block was alloc'd at
==7717==    at 0x4848899: malloc (in /usr/libexec/valgrind/vgpreload_memcheck-amd64-linux.so)
==7717==    by 0x10B415: recibir_buffer (mensajes.c:108)
==7717==    by 0x1097DC: recibir_paquete_kernel (in /home/utnso/tp-2023-1c-Los-pibardos-de-operativos/cpu/bin/cpu.out)
==7717==    by 0x109712: enviado_de_kernel (in /home/utnso/tp-2023-1c-Los-pibardos-de-operativos/cpu/bin/cpu.out)
==7717==    by 0x1096D2: conectar_kernel (in /home/utnso/tp-2023-1c-Los-pibardos-de-operativos/cpu/bin/cpu.out)
==7717==    by 0x109A42: main (in /home/utnso/tp-2023-1c-Los-pibardos-de-operativos/cpu/bin/cpu.out)
==7717== 
==7717== Invalid free() / delete / delete[] / realloc()
==7717==    at 0x484B27F: free (in /usr/libexec/valgrind/vgpreload_memcheck-amd64-linux.so)
==7717==    by 0x10BD5A: deserializar_contexto (mensajes.c:279)
==7717==    by 0x10980B: recibir_paquete_kernel (in /home/utnso/tp-2023-1c-Los-pibardos-de-operativos/cpu/bin/cpu.out)
==7717==    by 0x109712: enviado_de_kernel (in /home/utnso/tp-2023-1c-Los-pibardos-de-operativos/cpu/bin/cpu.out)
==7717==    by 0x1096D2: conectar_kernel (in /home/utnso/tp-2023-1c-Los-pibardos-de-operativos/cpu/bin/cpu.out)
==7717==    by 0x109A42: main (in /home/utnso/tp-2023-1c-Los-pibardos-de-operativos/cpu/bin/cpu.out)
==7717==  Address 0x4aa62f0 is 0 bytes inside a block of size 4 free'd
==7717==    at 0x484B27F: free (in /usr/libexec/valgrind/vgpreload_memcheck-amd64-linux.so)
==7717==    by 0x10C39E: deserealizar_motivos_desalojo (mensajes.c:369)
==7717==    by 0x10BD19: deserializar_contexto (mensajes.c:273)
==7717==    by 0x10980B: recibir_paquete_kernel (in /home/utnso/tp-2023-1c-Los-pibardos-de-operativos/cpu/bin/cpu.out)
==7717==    by 0x109712: enviado_de_kernel (in /home/utnso/tp-2023-1c-Los-pibardos-de-operativos/cpu/bin/cpu.out)
==7717==    by 0x1096D2: conectar_kernel (in /home/utnso/tp-2023-1c-Los-pibardos-de-operativos/cpu/bin/cpu.out)
==7717==    by 0x109A42: main (in /home/utnso/tp-2023-1c-Los-pibardos-de-operativos/cpu/bin/cpu.out)
==7717==  Block was alloc'd at
==7717==    at 0x4848899: malloc (in /usr/libexec/valgrind/vgpreload_memcheck-amd64-linux.so)
==7717==    by 0x1097EA: recibir_paquete_kernel (in /home/utnso/tp-2023-1c-Los-pibardos-de-operativos/cpu/bin/cpu.out)
==7717==    by 0x109712: enviado_de_kernel (in /home/utnso/tp-2023-1c-Los-pibardos-de-operativos/cpu/bin/cpu.out)
==7717==    by 0x1096D2: conectar_kernel (in /home/utnso/tp-2023-1c-Los-pibardos-de-operativos/cpu/bin/cpu.out)
==7717==    by 0x109A42: main (in /home/utnso/tp-2023-1c-Los-pibardos-de-operativos/cpu/bin/cpu.out)
==7717== 
==7717== Invalid read of size 2
==7717==    at 0x48529E0: memmove (in /usr/libexec/valgrind/vgpreload_memcheck-amd64-linux.so)
==7717==    by 0x10B26D: agregar_a_paquete_dato_serializado (mensajes.c:65)
==7717==    by 0x10B9B2: serializar_tabla_segmentos (mensajes.c:216)
==7717==    by 0x10B5C5: serializar_contexto (mensajes.c:147)
==7717==    by 0x10AAC7: ciclo_de_instruccion (in /home/utnso/tp-2023-1c-Los-pibardos-de-operativos/cpu/bin/cpu.out)
==7717==    by 0x109722: enviado_de_kernel (in /home/utnso/tp-2023-1c-Los-pibardos-de-operativos/cpu/bin/cpu.out)
==7717==    by 0x1096D2: conectar_kernel (in /home/utnso/tp-2023-1c-Los-pibardos-de-operativos/cpu/bin/cpu.out)
==7717==    by 0x109A42: main (in /home/utnso/tp-2023-1c-Los-pibardos-de-operativos/cpu/bin/cpu.out)
==7717==  Address 0x4aa73f0 is 0 bytes inside a block of size 24 free'd
==7717==    at 0x484B27F: free (in /usr/libexec/valgrind/vgpreload_memcheck-amd64-linux.so)
==7717==    by 0x10BB13: deserializar_tabla_segmentos (mensajes.c:238)
==7717==    by 0x10BD37: deserializar_contexto (mensajes.c:276)
==7717==    by 0x10980B: recibir_paquete_kernel (in /home/utnso/tp-2023-1c-Los-pibardos-de-operativos/cpu/bin/cpu.out)
==7717==    by 0x109712: enviado_de_kernel (in /home/utnso/tp-2023-1c-Los-pibardos-de-operativos/cpu/bin/cpu.out)
==7717==    by 0x1096D2: conectar_kernel (in /home/utnso/tp-2023-1c-Los-pibardos-de-operativos/cpu/bin/cpu.out)
==7717==    by 0x109A42: main (in /home/utnso/tp-2023-1c-Los-pibardos-de-operativos/cpu/bin/cpu.out)
==7717==  Block was alloc'd at
==7717==    at 0x4848899: malloc (in /usr/libexec/valgrind/vgpreload_memcheck-amd64-linux.so)
==7717==    by 0x10BA6B: deserializar_tabla_segmentos (mensajes.c:230)
==7717==    by 0x10BD37: deserializar_contexto (mensajes.c:276)
==7717==    by 0x10980B: recibir_paquete_kernel (in /home/utnso/tp-2023-1c-Los-pibardos-de-operativos/cpu/bin/cpu.out)
==7717==    by 0x109712: enviado_de_kernel (in /home/utnso/tp-2023-1c-Los-pibardos-de-operativos/cpu/bin/cpu.out)
==7717==    by 0x1096D2: conectar_kernel (in /home/utnso/tp-2023-1c-Los-pibardos-de-operativos/cpu/bin/cpu.out)
==7717==    by 0x109A42: main (in /home/utnso/tp-2023-1c-Los-pibardos-de-operativos/cpu/bin/cpu.out)
==7717== 
==7717== Invalid read of size 2
==7717==    at 0x48529E0: memmove (in /usr/libexec/valgrind/vgpreload_memcheck-amd64-linux.so)
==7717==    by 0x10B26D: agregar_a_paquete_dato_serializado (mensajes.c:65)
==7717==    by 0x10B9CE: serializar_tabla_segmentos (mensajes.c:217)
==7717==    by 0x10B5C5: serializar_contexto (mensajes.c:147)
==7717==    by 0x10AAC7: ciclo_de_instruccion (in /home/utnso/tp-2023-1c-Los-pibardos-de-operativos/cpu/bin/cpu.out)
==7717==    by 0x109722: enviado_de_kernel (in /home/utnso/tp-2023-1c-Los-pibardos-de-operativos/cpu/bin/cpu.out)
==7717==    by 0x1096D2: conectar_kernel (in /home/utnso/tp-2023-1c-Los-pibardos-de-operativos/cpu/bin/cpu.out)
==7717==    by 0x109A42: main (in /home/utnso/tp-2023-1c-Los-pibardos-de-operativos/cpu/bin/cpu.out)
==7717==  Address 0x4aa73f8 is 8 bytes inside a block of size 24 free'd
==7717==    at 0x484B27F: free (in /usr/libexec/valgrind/vgpreload_memcheck-amd64-linux.so)
==7717==    by 0x10BB13: deserializar_tabla_segmentos (mensajes.c:238)
==7717==    by 0x10BD37: deserializar_contexto (mensajes.c:276)
==7717==    by 0x10980B: recibir_paquete_kernel (in /home/utnso/tp-2023-1c-Los-pibardos-de-operativos/cpu/bin/cpu.out)
==7717==    by 0x109712: enviado_de_kernel (in /home/utnso/tp-2023-1c-Los-pibardos-de-operativos/cpu/bin/cpu.out)
==7717==    by 0x1096D2: conectar_kernel (in /home/utnso/tp-2023-1c-Los-pibardos-de-operativos/cpu/bin/cpu.out)
==7717==    by 0x109A42: main (in /home/utnso/tp-2023-1c-Los-pibardos-de-operativos/cpu/bin/cpu.out)
==7717==  Block was alloc'd at
==7717==    at 0x4848899: malloc (in /usr/libexec/valgrind/vgpreload_memcheck-amd64-linux.so)
==7717==    by 0x10BA6B: deserializar_tabla_segmentos (mensajes.c:230)
==7717==    by 0x10BD37: deserializar_contexto (mensajes.c:276)
==7717==    by 0x10980B: recibir_paquete_kernel (in /home/utnso/tp-2023-1c-Los-pibardos-de-operativos/cpu/bin/cpu.out)
==7717==    by 0x109712: enviado_de_kernel (in /home/utnso/tp-2023-1c-Los-pibardos-de-operativos/cpu/bin/cpu.out)
==7717==    by 0x1096D2: conectar_kernel (in /home/utnso/tp-2023-1c-Los-pibardos-de-operativos/cpu/bin/cpu.out)
==7717==    by 0x109A42: main (in /home/utnso/tp-2023-1c-Los-pibardos-de-operativos/cpu/bin/cpu.out)
==7717== 
==7717== Invalid read of size 2
==7717==    at 0x48529EF: memmove (in /usr/libexec/valgrind/vgpreload_memcheck-amd64-linux.so)
==7717==    by 0x10B26D: agregar_a_paquete_dato_serializado (mensajes.c:65)
==7717==    by 0x10B9CE: serializar_tabla_segmentos (mensajes.c:217)
==7717==    by 0x10B5C5: serializar_contexto (mensajes.c:147)
==7717==    by 0x10AAC7: ciclo_de_instruccion (in /home/utnso/tp-2023-1c-Los-pibardos-de-operativos/cpu/bin/cpu.out)
==7717==    by 0x109722: enviado_de_kernel (in /home/utnso/tp-2023-1c-Los-pibardos-de-operativos/cpu/bin/cpu.out)
==7717==    by 0x1096D2: conectar_kernel (in /home/utnso/tp-2023-1c-Los-pibardos-de-operativos/cpu/bin/cpu.out)
==7717==    by 0x109A42: main (in /home/utnso/tp-2023-1c-Los-pibardos-de-operativos/cpu/bin/cpu.out)
==7717==  Address 0x4aa73fc is 12 bytes inside a block of size 24 free'd
==7717==    at 0x484B27F: free (in /usr/libexec/valgrind/vgpreload_memcheck-amd64-linux.so)
==7717==    by 0x10BB13: deserializar_tabla_segmentos (mensajes.c:238)
==7717==    by 0x10BD37: deserializar_contexto (mensajes.c:276)
==7717==    by 0x10980B: recibir_paquete_kernel (in /home/utnso/tp-2023-1c-Los-pibardos-de-operativos/cpu/bin/cpu.out)
==7717==    by 0x109712: enviado_de_kernel (in /home/utnso/tp-2023-1c-Los-pibardos-de-operativos/cpu/bin/cpu.out)
==7717==    by 0x1096D2: conectar_kernel (in /home/utnso/tp-2023-1c-Los-pibardos-de-operativos/cpu/bin/cpu.out)
==7717==    by 0x109A42: main (in /home/utnso/tp-2023-1c-Los-pibardos-de-operativos/cpu/bin/cpu.out)
==7717==  Block was alloc'd at
==7717==    at 0x4848899: malloc (in /usr/libexec/valgrind/vgpreload_memcheck-amd64-linux.so)
==7717==    by 0x10BA6B: deserializar_tabla_segmentos (mensajes.c:230)
==7717==    by 0x10BD37: deserializar_contexto (mensajes.c:276)
==7717==    by 0x10980B: recibir_paquete_kernel (in /home/utnso/tp-2023-1c-Los-pibardos-de-operativos/cpu/bin/cpu.out)
==7717==    by 0x109712: enviado_de_kernel (in /home/utnso/tp-2023-1c-Los-pibardos-de-operativos/cpu/bin/cpu.out)
==7717==    by 0x1096D2: conectar_kernel (in /home/utnso/tp-2023-1c-Los-pibardos-de-operativos/cpu/bin/cpu.out)
==7717==    by 0x109A42: main (in /home/utnso/tp-2023-1c-Los-pibardos-de-operativos/cpu/bin/cpu.out)
==7717== 
==7717== Invalid read of size 2
==7717==    at 0x48529E0: memmove (in /usr/libexec/valgrind/vgpreload_memcheck-amd64-linux.so)
==7717==    by 0x10B26D: agregar_a_paquete_dato_serializado (mensajes.c:65)
==7717==    by 0x10B9EA: serializar_tabla_segmentos (mensajes.c:218)
==7717==    by 0x10B5C5: serializar_contexto (mensajes.c:147)
==7717==    by 0x10AAC7: ciclo_de_instruccion (in /home/utnso/tp-2023-1c-Los-pibardos-de-operativos/cpu/bin/cpu.out)
==7717==    by 0x109722: enviado_de_kernel (in /home/utnso/tp-2023-1c-Los-pibardos-de-operativos/cpu/bin/cpu.out)
==7717==    by 0x1096D2: conectar_kernel (in /home/utnso/tp-2023-1c-Los-pibardos-de-operativos/cpu/bin/cpu.out)
==7717==    by 0x109A42: main (in /home/utnso/tp-2023-1c-Los-pibardos-de-operativos/cpu/bin/cpu.out)
==7717==  Address 0x4aa7400 is 16 bytes inside a block of size 24 free'd
==7717==    at 0x484B27F: free (in /usr/libexec/valgrind/vgpreload_memcheck-amd64-linux.so)
==7717==    by 0x10BB13: deserializar_tabla_segmentos (mensajes.c:238)
==7717==    by 0x10BD37: deserializar_contexto (mensajes.c:276)
==7717==    by 0x10980B: recibir_paquete_kernel (in /home/utnso/tp-2023-1c-Los-pibardos-de-operativos/cpu/bin/cpu.out)
==7717==    by 0x109712: enviado_de_kernel (in /home/utnso/tp-2023-1c-Los-pibardos-de-operativos/cpu/bin/cpu.out)
==7717==    by 0x1096D2: conectar_kernel (in /home/utnso/tp-2023-1c-Los-pibardos-de-operativos/cpu/bin/cpu.out)
==7717==    by 0x109A42: main (in /home/utnso/tp-2023-1c-Los-pibardos-de-operativos/cpu/bin/cpu.out)
==7717==  Block was alloc'd at
==7717==    at 0x4848899: malloc (in /usr/libexec/valgrind/vgpreload_memcheck-amd64-linux.so)
==7717==    by 0x10BA6B: deserializar_tabla_segmentos (mensajes.c:230)
==7717==    by 0x10BD37: deserializar_contexto (mensajes.c:276)
==7717==    by 0x10980B: recibir_paquete_kernel (in /home/utnso/tp-2023-1c-Los-pibardos-de-operativos/cpu/bin/cpu.out)
==7717==    by 0x109712: enviado_de_kernel (in /home/utnso/tp-2023-1c-Los-pibardos-de-operativos/cpu/bin/cpu.out)
==7717==    by 0x1096D2: conectar_kernel (in /home/utnso/tp-2023-1c-Los-pibardos-de-operativos/cpu/bin/cpu.out)
==7717==    by 0x109A42: main (in /home/utnso/tp-2023-1c-Los-pibardos-de-operativos/cpu/bin/cpu.out)
==7717== 
==7717== Invalid read of size 8
==7717==    at 0x10AA24: MMU (in /home/utnso/tp-2023-1c-Los-pibardos-de-operativos/cpu/bin/cpu.out)
==7717==    by 0x10A1C1: execute (in /home/utnso/tp-2023-1c-Los-pibardos-de-operativos/cpu/bin/cpu.out)
==7717==    by 0x10AA9D: ciclo_de_instruccion (in /home/utnso/tp-2023-1c-Los-pibardos-de-operativos/cpu/bin/cpu.out)
==7717==    by 0x109722: enviado_de_kernel (in /home/utnso/tp-2023-1c-Los-pibardos-de-operativos/cpu/bin/cpu.out)
==7717==    by 0x1096D2: conectar_kernel (in /home/utnso/tp-2023-1c-Los-pibardos-de-operativos/cpu/bin/cpu.out)
==7717==    by 0x109A42: main (in /home/utnso/tp-2023-1c-Los-pibardos-de-operativos/cpu/bin/cpu.out)
==7717==  Address 0x4ab3ca8 is 8 bytes inside a block of size 24 free'd
==7717==    at 0x484B27F: free (in /usr/libexec/valgrind/vgpreload_memcheck-amd64-linux.so)
==7717==    by 0x10BB13: deserializar_tabla_segmentos (mensajes.c:238)
==7717==    by 0x10BD37: deserializar_contexto (mensajes.c:276)
==7717==    by 0x10980B: recibir_paquete_kernel (in /home/utnso/tp-2023-1c-Los-pibardos-de-operativos/cpu/bin/cpu.out)
==7717==    by 0x109712: enviado_de_kernel (in /home/utnso/tp-2023-1c-Los-pibardos-de-operativos/cpu/bin/cpu.out)
==7717==    by 0x1096D2: conectar_kernel (in /home/utnso/tp-2023-1c-Los-pibardos-de-operativos/cpu/bin/cpu.out)
==7717==    by 0x109A42: main (in /home/utnso/tp-2023-1c-Los-pibardos-de-operativos/cpu/bin/cpu.out)
==7717==  Block was alloc'd at
==7717==    at 0x4848899: malloc (in /usr/libexec/valgrind/vgpreload_memcheck-amd64-linux.so)
==7717==    by 0x10BA6B: deserializar_tabla_segmentos (mensajes.c:230)
==7717==    by 0x10BD37: deserializar_contexto (mensajes.c:276)
==7717==    by 0x10980B: recibir_paquete_kernel (in /home/utnso/tp-2023-1c-Los-pibardos-de-operativos/cpu/bin/cpu.out)
==7717==    by 0x109712: enviado_de_kernel (in /home/utnso/tp-2023-1c-Los-pibardos-de-operativos/cpu/bin/cpu.out)
==7717==    by 0x1096D2: conectar_kernel (in /home/utnso/tp-2023-1c-Los-pibardos-de-operativos/cpu/bin/cpu.out)
==7717==    by 0x109A42: main (in /home/utnso/tp-2023-1c-Los-pibardos-de-operativos/cpu/bin/cpu.out)
==7717== 
==7717== Invalid read of size 1
==7717==    at 0x4852A10: memmove (in /usr/libexec/valgrind/vgpreload_memcheck-amd64-linux.so)
==7717==    by 0x10B26D: agregar_a_paquete_dato_serializado (mensajes.c:65)
==7717==    by 0x10B9B2: serializar_tabla_segmentos (mensajes.c:216)
==7717==    by 0x10B5C5: serializar_contexto (mensajes.c:147)
==7717==    by 0x10AAC7: ciclo_de_instruccion (in /home/utnso/tp-2023-1c-Los-pibardos-de-operativos/cpu/bin/cpu.out)
==7717==    by 0x109722: enviado_de_kernel (in /home/utnso/tp-2023-1c-Los-pibardos-de-operativos/cpu/bin/cpu.out)
==7717==    by 0x1096D2: conectar_kernel (in /home/utnso/tp-2023-1c-Los-pibardos-de-operativos/cpu/bin/cpu.out)
==7717==    by 0x109A42: main (in /home/utnso/tp-2023-1c-Los-pibardos-de-operativos/cpu/bin/cpu.out)
==7717==  Address 0x4ab3ca0 is 0 bytes inside a block of size 24 free'd
==7717==    at 0x484B27F: free (in /usr/libexec/valgrind/vgpreload_memcheck-amd64-linux.so)
==7717==    by 0x10BB13: deserializar_tabla_segmentos (mensajes.c:238)
==7717==    by 0x10BD37: deserializar_contexto (mensajes.c:276)
==7717==    by 0x10980B: recibir_paquete_kernel (in /home/utnso/tp-2023-1c-Los-pibardos-de-operativos/cpu/bin/cpu.out)
==7717==    by 0x109712: enviado_de_kernel (in /home/utnso/tp-2023-1c-Los-pibardos-de-operativos/cpu/bin/cpu.out)
==7717==    by 0x1096D2: conectar_kernel (in /home/utnso/tp-2023-1c-Los-pibardos-de-operativos/cpu/bin/cpu.out)
==7717==    by 0x109A42: main (in /home/utnso/tp-2023-1c-Los-pibardos-de-operativos/cpu/bin/cpu.out)
==7717==  Block was alloc'd at
==7717==    at 0x4848899: malloc (in /usr/libexec/valgrind/vgpreload_memcheck-amd64-linux.so)
==7717==    by 0x10BA6B: deserializar_tabla_segmentos (mensajes.c:230)
==7717==    by 0x10BD37: deserializar_contexto (mensajes.c:276)
==7717==    by 0x10980B: recibir_paquete_kernel (in /home/utnso/tp-2023-1c-Los-pibardos-de-operativos/cpu/bin/cpu.out)
==7717==    by 0x109712: enviado_de_kernel (in /home/utnso/tp-2023-1c-Los-pibardos-de-operativos/cpu/bin/cpu.out)
==7717==    by 0x1096D2: conectar_kernel (in /home/utnso/tp-2023-1c-Los-pibardos-de-operativos/cpu/bin/cpu.out)
==7717==    by 0x109A42: main (in /home/utnso/tp-2023-1c-Los-pibardos-de-operativos/cpu/bin/cpu.out)
==7717== 
==7717== Invalid read of size 1
==7717==    at 0x4852A1D: memmove (in /usr/libexec/valgrind/vgpreload_memcheck-amd64-linux.so)
==7717==    by 0x10B26D: agregar_a_paquete_dato_serializado (mensajes.c:65)
==7717==    by 0x10B9B2: serializar_tabla_segmentos (mensajes.c:216)
==7717==    by 0x10B5C5: serializar_contexto (mensajes.c:147)
==7717==    by 0x10AAC7: ciclo_de_instruccion (in /home/utnso/tp-2023-1c-Los-pibardos-de-operativos/cpu/bin/cpu.out)
==7717==    by 0x109722: enviado_de_kernel (in /home/utnso/tp-2023-1c-Los-pibardos-de-operativos/cpu/bin/cpu.out)
==7717==    by 0x1096D2: conectar_kernel (in /home/utnso/tp-2023-1c-Los-pibardos-de-operativos/cpu/bin/cpu.out)
==7717==    by 0x109A42: main (in /home/utnso/tp-2023-1c-Los-pibardos-de-operativos/cpu/bin/cpu.out)
==7717==  Address 0x4ab3ca2 is 2 bytes inside a block of size 24 free'd
==7717==    at 0x484B27F: free (in /usr/libexec/valgrind/vgpreload_memcheck-amd64-linux.so)
==7717==    by 0x10BB13: deserializar_tabla_segmentos (mensajes.c:238)
==7717==    by 0x10BD37: deserializar_contexto (mensajes.c:276)
==7717==    by 0x10980B: recibir_paquete_kernel (in /home/utnso/tp-2023-1c-Los-pibardos-de-operativos/cpu/bin/cpu.out)
==7717==    by 0x109712: enviado_de_kernel (in /home/utnso/tp-2023-1c-Los-pibardos-de-operativos/cpu/bin/cpu.out)
==7717==    by 0x1096D2: conectar_kernel (in /home/utnso/tp-2023-1c-Los-pibardos-de-operativos/cpu/bin/cpu.out)
==7717==    by 0x109A42: main (in /home/utnso/tp-2023-1c-Los-pibardos-de-operativos/cpu/bin/cpu.out)
==7717==  Block was alloc'd at
==7717==    at 0x4848899: malloc (in /usr/libexec/valgrind/vgpreload_memcheck-amd64-linux.so)
==7717==    by 0x10BA6B: deserializar_tabla_segmentos (mensajes.c:230)
==7717==    by 0x10BD37: deserializar_contexto (mensajes.c:276)
==7717==    by 0x10980B: recibir_paquete_kernel (in /home/utnso/tp-2023-1c-Los-pibardos-de-operativos/cpu/bin/cpu.out)
==7717==    by 0x109712: enviado_de_kernel (in /home/utnso/tp-2023-1c-Los-pibardos-de-operativos/cpu/bin/cpu.out)
==7717==    by 0x1096D2: conectar_kernel (in /home/utnso/tp-2023-1c-Los-pibardos-de-operativos/cpu/bin/cpu.out)
==7717==    by 0x109A42: main (in /home/utnso/tp-2023-1c-Los-pibardos-de-operativos/cpu/bin/cpu.out)
==7717== 
==7717== Invalid read of size 1
==7717==    at 0x4852A10: memmove (in /usr/libexec/valgrind/vgpreload_memcheck-amd64-linux.so)
==7717==    by 0x10B26D: agregar_a_paquete_dato_serializado (mensajes.c:65)
==7717==    by 0x10B9CE: serializar_tabla_segmentos (mensajes.c:217)
==7717==    by 0x10B5C5: serializar_contexto (mensajes.c:147)
==7717==    by 0x10AAC7: ciclo_de_instruccion (in /home/utnso/tp-2023-1c-Los-pibardos-de-operativos/cpu/bin/cpu.out)
==7717==    by 0x109722: enviado_de_kernel (in /home/utnso/tp-2023-1c-Los-pibardos-de-operativos/cpu/bin/cpu.out)
==7717==    by 0x1096D2: conectar_kernel (in /home/utnso/tp-2023-1c-Los-pibardos-de-operativos/cpu/bin/cpu.out)
==7717==    by 0x109A42: main (in /home/utnso/tp-2023-1c-Los-pibardos-de-operativos/cpu/bin/cpu.out)
==7717==  Address 0x4ab3ca8 is 8 bytes inside a block of size 24 free'd
==7717==    at 0x484B27F: free (in /usr/libexec/valgrind/vgpreload_memcheck-amd64-linux.so)
==7717==    by 0x10BB13: deserializar_tabla_segmentos (mensajes.c:238)
==7717==    by 0x10BD37: deserializar_contexto (mensajes.c:276)
==7717==    by 0x10980B: recibir_paquete_kernel (in /home/utnso/tp-2023-1c-Los-pibardos-de-operativos/cpu/bin/cpu.out)
==7717==    by 0x109712: enviado_de_kernel (in /home/utnso/tp-2023-1c-Los-pibardos-de-operativos/cpu/bin/cpu.out)
==7717==    by 0x1096D2: conectar_kernel (in /home/utnso/tp-2023-1c-Los-pibardos-de-operativos/cpu/bin/cpu.out)
==7717==    by 0x109A42: main (in /home/utnso/tp-2023-1c-Los-pibardos-de-operativos/cpu/bin/cpu.out)
==7717==  Block was alloc'd at
==7717==    at 0x4848899: malloc (in /usr/libexec/valgrind/vgpreload_memcheck-amd64-linux.so)
==7717==    by 0x10BA6B: deserializar_tabla_segmentos (mensajes.c:230)
==7717==    by 0x10BD37: deserializar_contexto (mensajes.c:276)
==7717==    by 0x10980B: recibir_paquete_kernel (in /home/utnso/tp-2023-1c-Los-pibardos-de-operativos/cpu/bin/cpu.out)
==7717==    by 0x109712: enviado_de_kernel (in /home/utnso/tp-2023-1c-Los-pibardos-de-operativos/cpu/bin/cpu.out)
==7717==    by 0x1096D2: conectar_kernel (in /home/utnso/tp-2023-1c-Los-pibardos-de-operativos/cpu/bin/cpu.out)
==7717==    by 0x109A42: main (in /home/utnso/tp-2023-1c-Los-pibardos-de-operativos/cpu/bin/cpu.out)
==7717== 
==7717== Invalid read of size 1
==7717==    at 0x4852A1D: memmove (in /usr/libexec/valgrind/vgpreload_memcheck-amd64-linux.so)
==7717==    by 0x10B26D: agregar_a_paquete_dato_serializado (mensajes.c:65)
==7717==    by 0x10B9CE: serializar_tabla_segmentos (mensajes.c:217)
==7717==    by 0x10B5C5: serializar_contexto (mensajes.c:147)
==7717==    by 0x10AAC7: ciclo_de_instruccion (in /home/utnso/tp-2023-1c-Los-pibardos-de-operativos/cpu/bin/cpu.out)
==7717==    by 0x109722: enviado_de_kernel (in /home/utnso/tp-2023-1c-Los-pibardos-de-operativos/cpu/bin/cpu.out)
==7717==    by 0x1096D2: conectar_kernel (in /home/utnso/tp-2023-1c-Los-pibardos-de-operativos/cpu/bin/cpu.out)
==7717==    by 0x109A42: main (in /home/utnso/tp-2023-1c-Los-pibardos-de-operativos/cpu/bin/cpu.out)
==7717==  Address 0x4ab3caa is 10 bytes inside a block of size 24 free'd
==7717==    at 0x484B27F: free (in /usr/libexec/valgrind/vgpreload_memcheck-amd64-linux.so)
==7717==    by 0x10BB13: deserializar_tabla_segmentos (mensajes.c:238)
==7717==    by 0x10BD37: deserializar_contexto (mensajes.c:276)
==7717==    by 0x10980B: recibir_paquete_kernel (in /home/utnso/tp-2023-1c-Los-pibardos-de-operativos/cpu/bin/cpu.out)
==7717==    by 0x109712: enviado_de_kernel (in /home/utnso/tp-2023-1c-Los-pibardos-de-operativos/cpu/bin/cpu.out)
==7717==    by 0x1096D2: conectar_kernel (in /home/utnso/tp-2023-1c-Los-pibardos-de-operativos/cpu/bin/cpu.out)
==7717==    by 0x109A42: main (in /home/utnso/tp-2023-1c-Los-pibardos-de-operativos/cpu/bin/cpu.out)
==7717==  Block was alloc'd at
==7717==    at 0x4848899: malloc (in /usr/libexec/valgrind/vgpreload_memcheck-amd64-linux.so)
==7717==    by 0x10BA6B: deserializar_tabla_segmentos (mensajes.c:230)
==7717==    by 0x10BD37: deserializar_contexto (mensajes.c:276)
==7717==    by 0x10980B: recibir_paquete_kernel (in /home/utnso/tp-2023-1c-Los-pibardos-de-operativos/cpu/bin/cpu.out)
==7717==    by 0x109712: enviado_de_kernel (in /home/utnso/tp-2023-1c-Los-pibardos-de-operativos/cpu/bin/cpu.out)
==7717==    by 0x1096D2: conectar_kernel (in /home/utnso/tp-2023-1c-Los-pibardos-de-operativos/cpu/bin/cpu.out)
==7717==    by 0x109A42: main (in /home/utnso/tp-2023-1c-Los-pibardos-de-operativos/cpu/bin/cpu.out)
==7717== 
==7717== Invalid read of size 1
==7717==    at 0x4852A10: memmove (in /usr/libexec/valgrind/vgpreload_memcheck-amd64-linux.so)
==7717==    by 0x10B26D: agregar_a_paquete_dato_serializado (mensajes.c:65)
==7717==    by 0x10B9EA: serializar_tabla_segmentos (mensajes.c:218)
==7717==    by 0x10B5C5: serializar_contexto (mensajes.c:147)
==7717==    by 0x10AAC7: ciclo_de_instruccion (in /home/utnso/tp-2023-1c-Los-pibardos-de-operativos/cpu/bin/cpu.out)
==7717==    by 0x109722: enviado_de_kernel (in /home/utnso/tp-2023-1c-Los-pibardos-de-operativos/cpu/bin/cpu.out)
==7717==    by 0x1096D2: conectar_kernel (in /home/utnso/tp-2023-1c-Los-pibardos-de-operativos/cpu/bin/cpu.out)
==7717==    by 0x109A42: main (in /home/utnso/tp-2023-1c-Los-pibardos-de-operativos/cpu/bin/cpu.out)
==7717==  Address 0x4ab3cb0 is 16 bytes inside a block of size 24 free'd
==7717==    at 0x484B27F: free (in /usr/libexec/valgrind/vgpreload_memcheck-amd64-linux.so)
==7717==    by 0x10BB13: deserializar_tabla_segmentos (mensajes.c:238)
==7717==    by 0x10BD37: deserializar_contexto (mensajes.c:276)
==7717==    by 0x10980B: recibir_paquete_kernel (in /home/utnso/tp-2023-1c-Los-pibardos-de-operativos/cpu/bin/cpu.out)
==7717==    by 0x109712: enviado_de_kernel (in /home/utnso/tp-2023-1c-Los-pibardos-de-operativos/cpu/bin/cpu.out)
==7717==    by 0x1096D2: conectar_kernel (in /home/utnso/tp-2023-1c-Los-pibardos-de-operativos/cpu/bin/cpu.out)
==7717==    by 0x109A42: main (in /home/utnso/tp-2023-1c-Los-pibardos-de-operativos/cpu/bin/cpu.out)
==7717==  Block was alloc'd at
==7717==    at 0x4848899: malloc (in /usr/libexec/valgrind/vgpreload_memcheck-amd64-linux.so)
==7717==    by 0x10BA6B: deserializar_tabla_segmentos (mensajes.c:230)
==7717==    by 0x10BD37: deserializar_contexto (mensajes.c:276)
==7717==    by 0x10980B: recibir_paquete_kernel (in /home/utnso/tp-2023-1c-Los-pibardos-de-operativos/cpu/bin/cpu.out)
==7717==    by 0x109712: enviado_de_kernel (in /home/utnso/tp-2023-1c-Los-pibardos-de-operativos/cpu/bin/cpu.out)
==7717==    by 0x1096D2: conectar_kernel (in /home/utnso/tp-2023-1c-Los-pibardos-de-operativos/cpu/bin/cpu.out)
==7717==    by 0x109A42: main (in /home/utnso/tp-2023-1c-Los-pibardos-de-operativos/cpu/bin/cpu.out)
==7717== 
==7717== Invalid read of size 1
==7717==    at 0x4852A1D: memmove (in /usr/libexec/valgrind/vgpreload_memcheck-amd64-linux.so)
==7717==    by 0x10B26D: agregar_a_paquete_dato_serializado (mensajes.c:65)
==7717==    by 0x10B9EA: serializar_tabla_segmentos (mensajes.c:218)
==7717==    by 0x10B5C5: serializar_contexto (mensajes.c:147)
==7717==    by 0x10AAC7: ciclo_de_instruccion (in /home/utnso/tp-2023-1c-Los-pibardos-de-operativos/cpu/bin/cpu.out)
==7717==    by 0x109722: enviado_de_kernel (in /home/utnso/tp-2023-1c-Los-pibardos-de-operativos/cpu/bin/cpu.out)
==7717==    by 0x1096D2: conectar_kernel (in /home/utnso/tp-2023-1c-Los-pibardos-de-operativos/cpu/bin/cpu.out)
==7717==    by 0x109A42: main (in /home/utnso/tp-2023-1c-Los-pibardos-de-operativos/cpu/bin/cpu.out)
==7717==  Address 0x4ab3cb2 is 18 bytes inside a block of size 24 free'd
==7717==    at 0x484B27F: free (in /usr/libexec/valgrind/vgpreload_memcheck-amd64-linux.so)
==7717==    by 0x10BB13: deserializar_tabla_segmentos (mensajes.c:238)
==7717==    by 0x10BD37: deserializar_contexto (mensajes.c:276)
==7717==    by 0x10980B: recibir_paquete_kernel (in /home/utnso/tp-2023-1c-Los-pibardos-de-operativos/cpu/bin/cpu.out)
==7717==    by 0x109712: enviado_de_kernel (in /home/utnso/tp-2023-1c-Los-pibardos-de-operativos/cpu/bin/cpu.out)
==7717==    by 0x1096D2: conectar_kernel (in /home/utnso/tp-2023-1c-Los-pibardos-de-operativos/cpu/bin/cpu.out)
==7717==    by 0x109A42: main (in /home/utnso/tp-2023-1c-Los-pibardos-de-operativos/cpu/bin/cpu.out)
==7717==  Block was alloc'd at
==7717==    at 0x4848899: malloc (in /usr/libexec/valgrind/vgpreload_memcheck-amd64-linux.so)
==7717==    by 0x10BA6B: deserializar_tabla_segmentos (mensajes.c:230)
==7717==    by 0x10BD37: deserializar_contexto (mensajes.c:276)
==7717==    by 0x10980B: recibir_paquete_kernel (in /home/utnso/tp-2023-1c-Los-pibardos-de-operativos/cpu/bin/cpu.out)
==7717==    by 0x109712: enviado_de_kernel (in /home/utnso/tp-2023-1c-Los-pibardos-de-operativos/cpu/bin/cpu.out)
==7717==    by 0x1096D2: conectar_kernel (in /home/utnso/tp-2023-1c-Los-pibardos-de-operativos/cpu/bin/cpu.out)
==7717==    by 0x109A42: main (in /home/utnso/tp-2023-1c-Los-pibardos-de-operativos/cpu/bin/cpu.out)
==7717== 
