[ERROR] 23:30:09:237 CPU/(16391:16391): No se pudo conectar al servidor 127.0.0.1:8002
[INFO] 23:30:09:238 CPU/(16391:16391): Esperando kernel....
[INFO] 23:30:19:839 CPU/(16391:16391): Se conecto el kernel
[INFO] 23:30:28:762 CPU/(16391:16391): Se recibio un contexto del kernel
[INFO] 23:30:28:762 CPU/(16391:16391): Comenzando ciclo con nuevo CTX...
[INFO] 23:30:28:762 CPU/(16391:16391): Program Counter: 0
[INFO] 23:30:28:762 CPU/(16391:16391): Instruccion nº1: 8
[INFO] 23:30:28:762 CPU/(16391:16391): PID: 0  -Ejecutando: 8 - AX HOLA
[INFO] 23:30:28:763 CPU/(16391:16391): Num: HOLA
[INFO] 23:30:28:763 CPU/(16391:16391): Program Counter: 1
[INFO] 23:30:28:763 CPU/(16391:16391): Instruccion nº2: 8
[INFO] 23:30:28:763 CPU/(16391:16391): PID: 0  -Ejecutando: 8 - AX HOLA
[INFO] 23:30:28:763 CPU/(16391:16391): Num: HOLA
[INFO] 23:30:28:763 CPU/(16391:16391): Program Counter: 2
[INFO] 23:30:28:763 CPU/(16391:16391): Instruccion nº3: 9
[INFO] 23:30:28:763 CPU/(16391:16391): PID: 0  -Ejecutando: 9 - DISCO
[INFO] 23:30:28:763 CPU/(16391:16391): Se recibio un contexto del kernel
[INFO] 23:30:28:763 CPU/(16391:16391): Comenzando ciclo con nuevo CTX...
[INFO] 23:30:28:763 CPU/(16391:16391): Program Counter: 3
[INFO] 23:30:28:763 CPU/(16391:16391): Instruccion nº4: 10
[INFO] 23:30:28:763 CPU/(16391:16391): PID: 0  -Ejecutando: 10 - DISCO
[INFO] 23:30:28:763 CPU/(16391:16391): Se recibio un contexto del kernel
[INFO] 23:30:28:763 CPU/(16391:16391): Comenzando ciclo con nuevo CTX...
[INFO] 23:30:28:763 CPU/(16391:16391): Program Counter: 4
[INFO] 23:30:28:764 CPU/(16391:16391): Instruccion nº5: 15
[INFO] 23:30:28:764 CPU/(16391:16391): PID: 0  -Ejecutando: 15
[INFO] 23:30:28:764 CPU/(16391:16391): Se recibio un contexto del kernel
[INFO] 23:30:28:764 CPU/(16391:16391): Comenzando ciclo con nuevo CTX...
[INFO] 23:30:28:764 CPU/(16391:16391): Program Counter: 5
[INFO] 23:30:28:764 CPU/(16391:16391): Instruccion nº5: 14
[INFO] 23:30:28:764 CPU/(16391:16391): PID: 0  -Ejecutando: 14
[INFO] 23:31:32:797 CPU/(16391:16391): Se recibio un contexto del kernel
[INFO] 23:31:32:797 CPU/(16391:16391): Comenzando ciclo con nuevo CTX...
[INFO] 23:31:32:797 CPU/(16391:16391): Program Counter: 0
[INFO] 23:31:32:797 CPU/(16391:16391): Instruccion nº1: 8
[INFO] 23:31:32:798 CPU/(16391:16391): PID: 1  -Ejecutando: 8 - AX HOLA
[INFO] 23:31:32:798 CPU/(16391:16391): Num: HOLA
[INFO] 23:31:32:798 CPU/(16391:16391): Program Counter: 1
[INFO] 23:31:32:798 CPU/(16391:16391): Instruccion nº2: 7
[INFO] 23:31:32:798 CPU/(16391:16391): PID: 1  -Ejecutando: 7 - 10 
[INFO] 23:31:32:812 CPU/(16391:16391): Se recibio un contexto del kernel
[INFO] 23:31:32:812 CPU/(16391:16391): Comenzando ciclo con nuevo CTX...
[INFO] 23:31:32:812 CPU/(16391:16391): Program Counter: 2
[INFO] 23:31:32:812 CPU/(16391:16391): Instruccion nº3: 9
[INFO] 23:31:32:812 CPU/(16391:16391): PID: 1  -Ejecutando: 9 - DISCO
[INFO] 23:31:32:812 CPU/(16391:16391): Se recibio un contexto del kernel
[INFO] 23:31:32:812 CPU/(16391:16391): Comenzando ciclo con nuevo CTX...
[INFO] 23:31:32:812 CPU/(16391:16391): Program Counter: 3
[INFO] 23:31:32:812 CPU/(16391:16391): Instruccion nº4: 10
[INFO] 23:31:32:812 CPU/(16391:16391): PID: 1  -Ejecutando: 10 - DISCO
[INFO] 23:31:32:812 CPU/(16391:16391): Se recibio un contexto del kernel
[INFO] 23:31:32:812 CPU/(16391:16391): Comenzando ciclo con nuevo CTX...
[INFO] 23:31:32:812 CPU/(16391:16391): Program Counter: 4
[INFO] 23:31:32:812 CPU/(16391:16391): Instruccion nº5: 15
[INFO] 23:31:32:812 CPU/(16391:16391): PID: 1  -Ejecutando: 15
[INFO] 23:31:32:812 CPU/(16391:16391): Se recibio un contexto del kernel
[INFO] 23:31:32:812 CPU/(16391:16391): Comenzando ciclo con nuevo CTX...
[INFO] 23:31:32:812 CPU/(16391:16391): Program Counter: 5
[INFO] 23:31:32:812 CPU/(16391:16391): Instruccion nº5: 14
[INFO] 23:31:32:812 CPU/(16391:16391): PID: 1  -Ejecutando: 14
[ERROR] 00:53:43:269 CPU/(4872:4872): No se pudo conectar al servidor 127.0.0.1:8002
[INFO] 00:53:43:269 CPU/(4872:4872): Esperando kernel....
[INFO] 00:53:49:983 CPU/(4872:4872): Se conecto el kernel
[INFO] 00:53:57:123 CPU/(4872:4872): Se recibio un contexto del kernel
[INFO] 00:53:57:123 CPU/(4872:4872): Comenzando ciclo con nuevo CTX...
[INFO] 00:53:57:124 CPU/(4872:4872): Program Counter: 0
[INFO] 00:53:57:124 CPU/(4872:4872): Instruccion nº1: 8
[INFO] 00:53:57:124 CPU/(4872:4872): PID: 0  -Ejecutando: 8 - AX HOLA
[INFO] 00:53:57:124 CPU/(4872:4872): Program Counter: 1
[INFO] 00:53:57:124 CPU/(4872:4872): Instruccion nº2: 7
[INFO] 00:53:57:124 CPU/(4872:4872): PID: 0  -Ejecutando: 7 - 10 
[INFO] 00:53:57:173 CPU/(4872:4872): Se recibio un contexto del kernel
[INFO] 00:53:57:173 CPU/(4872:4872): Comenzando ciclo con nuevo CTX...
[INFO] 00:53:57:173 CPU/(4872:4872): Program Counter: 2
[INFO] 00:53:57:173 CPU/(4872:4872): Instruccion nº3: 9
[INFO] 00:53:57:173 CPU/(4872:4872): PID: 0  -Ejecutando: 9 - DISCO
[INFO] 00:53:57:173 CPU/(4872:4872): Se recibio un contexto del kernel
[INFO] 00:53:57:173 CPU/(4872:4872): Comenzando ciclo con nuevo CTX...
[INFO] 00:53:57:173 CPU/(4872:4872): Program Counter: 3
[INFO] 00:53:57:173 CPU/(4872:4872): Instruccion nº4: 10
[INFO] 00:53:57:173 CPU/(4872:4872): PID: 0  -Ejecutando: 10 - DISCO
[INFO] 00:53:57:173 CPU/(4872:4872): Se recibio un contexto del kernel
[INFO] 00:53:57:173 CPU/(4872:4872): Comenzando ciclo con nuevo CTX...
[INFO] 00:53:57:173 CPU/(4872:4872): Program Counter: 4
[INFO] 00:53:57:173 CPU/(4872:4872): Instruccion nº5: 15
[INFO] 00:53:57:173 CPU/(4872:4872): PID: 0  -Ejecutando: 15
[INFO] 00:53:57:174 CPU/(4872:4872): Se recibio un contexto del kernel
[INFO] 00:53:57:174 CPU/(4872:4872): Comenzando ciclo con nuevo CTX...
[INFO] 00:53:57:174 CPU/(4872:4872): Program Counter: 5
[INFO] 00:53:57:174 CPU/(4872:4872): Instruccion nº5: 14
[INFO] 00:53:57:174 CPU/(4872:4872): PID: 0  -Ejecutando: 14
[ERROR] 01:38:28:767 CPU/(16519:16519): No se pudo conectar al servidor 127.0.0.1:8002
[INFO] 01:38:28:768 CPU/(16519:16519): Esperando kernel....
[INFO] 22:49:00:679 CPU/(3224:3224): Se conecto al servidor 127.0.0.1:8002
[INFO] 22:49:00:679 CPU/(3224:3224): Esperando kernel....
[INFO] 22:49:16:623 CPU/(3224:3224): Se conecto el kernel
[INFO] 23:01:10:347 CPU/(8276:8276): Se conecto al servidor 127.0.0.1:8002
[INFO] 23:01:10:348 CPU/(8276:8276): Esperando kernel....
[INFO] 23:01:14:821 CPU/(8276:8276): Se conecto el kernel
[INFO] 23:01:24:934 CPU/(8276:8276): Se recibio un contexto del kernel
[INFO] 23:01:24:934 CPU/(8276:8276): Comenzando ciclo con nuevo CTX...
[INFO] 23:01:24:934 CPU/(8276:8276): Program Counter: 0
[INFO] 23:01:24:934 CPU/(8276:8276): Instruccion nº1: 8
[INFO] 23:01:24:934 CPU/(8276:8276): PID: 0  -Ejecutando: 8 - AX HOLA
[INFO] 23:01:24:934 CPU/(8276:8276): Program Counter: 1
[INFO] 23:01:24:934 CPU/(8276:8276): Instruccion nº2: 7
[INFO] 23:01:24:934 CPU/(8276:8276): PID: 0  -Ejecutando: 7 - 10 
[INFO] 23:01:24:982 CPU/(8276:8276): Se recibio un contexto del kernel
[INFO] 23:01:24:982 CPU/(8276:8276): Comenzando ciclo con nuevo CTX...
[INFO] 23:01:24:982 CPU/(8276:8276): Program Counter: 2
[INFO] 23:01:24:982 CPU/(8276:8276): Instruccion nº3: 9
[INFO] 23:01:24:982 CPU/(8276:8276): PID: 0  -Ejecutando: 9 - DISCO
[INFO] 23:01:24:982 CPU/(8276:8276): Se recibio un contexto del kernel
[INFO] 23:01:24:982 CPU/(8276:8276): Comenzando ciclo con nuevo CTX...
[INFO] 23:01:24:982 CPU/(8276:8276): Program Counter: 3
[INFO] 23:01:24:982 CPU/(8276:8276): Instruccion nº4: 10
[INFO] 23:01:24:982 CPU/(8276:8276): PID: 0  -Ejecutando: 10 - DISCO
[INFO] 23:01:24:982 CPU/(8276:8276): Se recibio un contexto del kernel
[INFO] 23:01:24:982 CPU/(8276:8276): Comenzando ciclo con nuevo CTX...
[INFO] 23:01:24:982 CPU/(8276:8276): Program Counter: 4
[INFO] 23:01:24:982 CPU/(8276:8276): Instruccion nº5: 15
[INFO] 23:01:24:982 CPU/(8276:8276): PID: 0  -Ejecutando: 15
[INFO] 23:01:24:983 CPU/(8276:8276): Se recibio un contexto del kernel
[INFO] 23:01:24:983 CPU/(8276:8276): Comenzando ciclo con nuevo CTX...
[INFO] 23:01:24:983 CPU/(8276:8276): Program Counter: 5
[INFO] 23:01:24:983 CPU/(8276:8276): Instruccion nº5: 14
[INFO] 23:01:24:983 CPU/(8276:8276): PID: 0  -Ejecutando: 14
[INFO] 23:02:45:676 CPU/(8276:8276): Se desconecto el kernel
[INFO] 23:05:06:019 CPU/(12977:12977): Se conecto al servidor 127.0.0.1:8002
[INFO] 23:05:06:019 CPU/(12977:12977): Esperando kernel....
[INFO] 23:05:10:530 CPU/(12977:12977): Se conecto el kernel
[INFO] 23:05:25:580 CPU/(12977:12977): Se recibio un contexto del kernel
[INFO] 23:05:25:580 CPU/(12977:12977): Comenzando ciclo con nuevo CTX...
[INFO] 23:05:25:580 CPU/(12977:12977): Program Counter: 0
[INFO] 23:05:25:580 CPU/(12977:12977): Instruccion nº1: 8
[INFO] 23:05:25:581 CPU/(12977:12977): PID: 0  -Ejecutando: 8 - AX HOLA
[INFO] 23:05:25:581 CPU/(12977:12977): Program Counter: 1
[INFO] 23:05:25:581 CPU/(12977:12977): Instruccion nº2: 7
[INFO] 23:05:25:581 CPU/(12977:12977): PID: 0  -Ejecutando: 7 - 10 
[INFO] 23:05:25:621 CPU/(12977:12977): Se recibio un contexto del kernel
[INFO] 23:05:25:621 CPU/(12977:12977): Comenzando ciclo con nuevo CTX...
[INFO] 23:05:25:621 CPU/(12977:12977): Program Counter: 2
[INFO] 23:05:25:621 CPU/(12977:12977): Instruccion nº3: 9
[INFO] 23:05:25:621 CPU/(12977:12977): PID: 0  -Ejecutando: 9 - DISCO
[INFO] 23:05:25:622 CPU/(12977:12977): Se recibio un contexto del kernel
[INFO] 23:05:25:622 CPU/(12977:12977): Comenzando ciclo con nuevo CTX...
[INFO] 23:05:25:622 CPU/(12977:12977): Program Counter: 3
[INFO] 23:05:25:622 CPU/(12977:12977): Instruccion nº4: 10
[INFO] 23:05:25:622 CPU/(12977:12977): PID: 0  -Ejecutando: 10 - DISCO
[INFO] 23:05:25:622 CPU/(12977:12977): Se recibio un contexto del kernel
[INFO] 23:05:25:622 CPU/(12977:12977): Comenzando ciclo con nuevo CTX...
[INFO] 23:05:25:622 CPU/(12977:12977): Program Counter: 4
[INFO] 23:05:25:622 CPU/(12977:12977): Instruccion nº5: 15
[INFO] 23:05:25:622 CPU/(12977:12977): PID: 0  -Ejecutando: 15
[INFO] 23:05:25:623 CPU/(12977:12977): Se recibio un contexto del kernel
[INFO] 23:05:25:623 CPU/(12977:12977): Comenzando ciclo con nuevo CTX...
[INFO] 23:05:25:623 CPU/(12977:12977): Program Counter: 5
[INFO] 23:05:25:623 CPU/(12977:12977): Instruccion nº5: 14
[INFO] 23:05:25:623 CPU/(12977:12977): PID: 0  -Ejecutando: 14
[INFO] 23:07:34:266 CPU/(12977:12977): Se desconecto el kernel
[INFO] 23:09:08:091 CPU/(37042:37042): Se conecto al servidor 127.0.0.1:8002
[INFO] 23:09:08:091 CPU/(37042:37042): Esperando kernel....
[INFO] 23:09:20:113 CPU/(37042:37042): Se conecto el kernel
[INFO] 23:12:47:822 CPU/(38148:38148): Se conecto al servidor 127.0.0.1:8002
[INFO] 23:12:47:823 CPU/(38148:38148): Esperando kernel....
[INFO] 23:12:52:456 CPU/(38148:38148): Se conecto el kernel
[INFO] 23:13:01:586 CPU/(38148:38148): Se recibio un contexto del kernel
[INFO] 23:13:01:586 CPU/(38148:38148): Comenzando ciclo con nuevo CTX...
[INFO] 23:13:01:586 CPU/(38148:38148): Program Counter: 0
[INFO] 23:13:01:586 CPU/(38148:38148): Instruccion nº1: 8
[INFO] 23:13:01:586 CPU/(38148:38148): PID: 0  -Ejecutando: 8 - AX HOLA
[INFO] 23:13:01:586 CPU/(38148:38148): Program Counter: 1
[INFO] 23:13:01:586 CPU/(38148:38148): Instruccion nº2: 7
[INFO] 23:13:01:586 CPU/(38148:38148): PID: 0  -Ejecutando: 7 - 10 
[INFO] 23:13:01:628 CPU/(38148:38148): Se recibio un contexto del kernel
[INFO] 23:13:01:628 CPU/(38148:38148): Comenzando ciclo con nuevo CTX...
[INFO] 23:13:01:628 CPU/(38148:38148): Program Counter: 2
[INFO] 23:13:01:628 CPU/(38148:38148): Instruccion nº3: 9
[INFO] 23:13:01:628 CPU/(38148:38148): PID: 0  -Ejecutando: 9 - DISCO
[INFO] 23:13:01:628 CPU/(38148:38148): Se recibio un contexto del kernel
[INFO] 23:13:01:628 CPU/(38148:38148): Comenzando ciclo con nuevo CTX...
[INFO] 23:13:01:628 CPU/(38148:38148): Program Counter: 3
[INFO] 23:13:01:628 CPU/(38148:38148): Instruccion nº4: 10
[INFO] 23:13:01:628 CPU/(38148:38148): PID: 0  -Ejecutando: 10 - DISCO
[INFO] 23:13:01:629 CPU/(38148:38148): Se recibio un contexto del kernel
[INFO] 23:13:01:629 CPU/(38148:38148): Comenzando ciclo con nuevo CTX...
[INFO] 23:13:01:629 CPU/(38148:38148): Program Counter: 4
[INFO] 23:13:01:629 CPU/(38148:38148): Instruccion nº5: 15
[INFO] 23:13:01:629 CPU/(38148:38148): PID: 0  -Ejecutando: 15
[INFO] 23:13:01:629 CPU/(38148:38148): Se recibio un contexto del kernel
[INFO] 23:13:01:629 CPU/(38148:38148): Comenzando ciclo con nuevo CTX...
[INFO] 23:13:01:629 CPU/(38148:38148): Program Counter: 5
[INFO] 23:13:01:629 CPU/(38148:38148): Instruccion nº5: 14
[INFO] 23:13:01:629 CPU/(38148:38148): PID: 0  -Ejecutando: 14
[INFO] 23:13:29:637 CPU/(38148:38148): Se desconecto el kernel
[INFO] 23:18:51:167 CPU/(39945:39945): Se conecto al servidor 127.0.0.1:8002
[INFO] 23:18:51:167 CPU/(39945:39945): Esperando kernel....
[INFO] 23:18:56:322 CPU/(39945:39945): Se conecto el kernel
[INFO] 23:19:06:789 CPU/(39945:39945): Se recibio un contexto del kernel
[INFO] 23:19:06:789 CPU/(39945:39945): Comenzando ciclo con nuevo CTX...
[INFO] 23:19:06:789 CPU/(39945:39945): Program Counter: 0
[INFO] 23:19:06:789 CPU/(39945:39945): Instruccion nº1: 8
[INFO] 23:19:06:789 CPU/(39945:39945): PID: 0  -Ejecutando: 8 - AX HOLA
[INFO] 23:19:06:789 CPU/(39945:39945): Program Counter: 1
[INFO] 23:19:06:789 CPU/(39945:39945): Instruccion nº2: 5
[INFO] 23:19:06:790 CPU/(39945:39945): PID: 0  -Ejecutando: 5 - BX ASD
[INFO] 23:19:06:790 CPU/(39945:39945): PID: 0  -Ejecutando: 5 - BX ASD
[INFO] 23:19:06:790 CPU/(39945:39945): PID: 0  -Ejecutando: 5 - BX
[INFO] 23:23:03:041 CPU/(39945:39945): Se desconecto el kernel
[INFO] 23:26:21:565 CPU/(41921:41921): Se conecto al servidor 127.0.0.1:8002
[INFO] 23:26:21:565 CPU/(41921:41921): Esperando kernel....
[INFO] 23:26:27:166 CPU/(41921:41921): Se conecto el kernel
[INFO] 23:26:38:852 CPU/(41921:41921): Se recibio un contexto del kernel
[INFO] 23:26:38:852 CPU/(41921:41921): Comenzando ciclo con nuevo CTX...
[INFO] 23:26:38:852 CPU/(41921:41921): Program Counter: 0
[INFO] 23:26:38:852 CPU/(41921:41921): Instruccion nº1: 8
[INFO] 23:26:38:852 CPU/(41921:41921): PID: 0  -Ejecutando: 8 - AX HOLA
[INFO] 23:26:38:852 CPU/(41921:41921): Program Counter: 1
[INFO] 23:26:38:852 CPU/(41921:41921): Instruccion nº2: 5
[INFO] 23:26:38:852 CPU/(41921:41921): PID: 0  -Ejecutando: 5 - BX ASD
[INFO] 23:26:38:852 CPU/(41921:41921): Program Counter: 2
[INFO] 23:26:38:852 CPU/(41921:41921): Instruccion nº3: 2
[INFO] 23:26:38:852 CPU/(41921:41921): PID: 0  -Ejecutando: 2 - ASD BX
[INFO] 23:26:38:852 CPU/(41921:41921): Program Counter: 3
[INFO] 23:26:38:852 CPU/(41921:41921): Instruccion nº4: 7
[INFO] 23:26:38:852 CPU/(41921:41921): PID: 0  -Ejecutando: 7 - 10 
[INFO] 23:26:43:648 CPU/(41921:41921): Se recibio un contexto del kernel
[INFO] 23:26:43:648 CPU/(41921:41921): Comenzando ciclo con nuevo CTX...
[INFO] 23:26:43:648 CPU/(41921:41921): Program Counter: 4
[INFO] 23:26:43:648 CPU/(41921:41921): Instruccion nº5: 9
[INFO] 23:26:43:648 CPU/(41921:41921): PID: 0  -Ejecutando: 9 - DISCO
[INFO] 23:26:43:649 CPU/(41921:41921): Se recibio un contexto del kernel
[INFO] 23:26:43:649 CPU/(41921:41921): Comenzando ciclo con nuevo CTX...
[INFO] 23:26:43:649 CPU/(41921:41921): Program Counter: 5
[INFO] 23:26:43:649 CPU/(41921:41921): Instruccion nº6: 10
[INFO] 23:26:43:649 CPU/(41921:41921): PID: 0  -Ejecutando: 10 - DISCO
[INFO] 23:26:43:649 CPU/(41921:41921): Se recibio un contexto del kernel
[INFO] 23:26:43:649 CPU/(41921:41921): Comenzando ciclo con nuevo CTX...
[INFO] 23:26:43:649 CPU/(41921:41921): Program Counter: 6
[INFO] 23:26:43:649 CPU/(41921:41921): Instruccion nº7: 15
[INFO] 23:26:43:649 CPU/(41921:41921): PID: 0  -Ejecutando: 15
[INFO] 23:26:43:649 CPU/(41921:41921): Se recibio un contexto del kernel
[INFO] 23:26:43:649 CPU/(41921:41921): Comenzando ciclo con nuevo CTX...
[INFO] 23:26:43:649 CPU/(41921:41921): Program Counter: 7
[INFO] 23:26:43:649 CPU/(41921:41921): Instruccion nº7: 14
[INFO] 23:26:43:649 CPU/(41921:41921): PID: 0  -Ejecutando: 14
[INFO] 23:28:37:075 CPU/(41921:41921): Se desconecto el kernel
[INFO] 23:29:28:264 CPU/(43668:43668): Se conecto al servidor 127.0.0.1:8002
[INFO] 23:29:28:264 CPU/(43668:43668): Esperando kernel....
[INFO] 23:37:33:593 CPU/(46658:46658): Se conecto al servidor 127.0.0.1:8002
[INFO] 23:37:33:593 CPU/(46658:46658): Esperando kernel....
[INFO] 23:37:41:488 CPU/(46658:46658): Se conecto el kernel
[INFO] 23:37:48:525 CPU/(46658:46658): Se recibio un contexto del kernel
[INFO] 23:37:48:525 CPU/(46658:46658): Comenzando ciclo con nuevo CTX...
[INFO] 23:37:48:525 CPU/(46658:46658): Program Counter: 0
[INFO] 23:37:48:525 CPU/(46658:46658): Instruccion nº1: 8
[INFO] 23:37:48:525 CPU/(46658:46658): PID: 0  -Ejecutando: 8 - AX HOLA
[INFO] 23:37:48:525 CPU/(46658:46658): Program Counter: 1
[INFO] 23:37:48:525 CPU/(46658:46658): Instruccion nº2: 5
[INFO] 23:37:48:525 CPU/(46658:46658): PID: 0  -Ejecutando: 5 - BX ASD
[INFO] 23:37:48:525 CPU/(46658:46658): Program Counter: 2
[INFO] 23:37:48:525 CPU/(46658:46658): Instruccion nº3: 2
[INFO] 23:37:48:525 CPU/(46658:46658): PID: 0  -Ejecutando: 2 - ASD BX
[INFO] 23:37:48:525 CPU/(46658:46658): Program Counter: 3
[INFO] 23:37:48:525 CPU/(46658:46658): Instruccion nº4: 7
[INFO] 23:37:48:525 CPU/(46658:46658): PID: 0  -Ejecutando: 7 - 10 
[INFO] 23:37:48:563 CPU/(46658:46658): Se recibio un contexto del kernel
[INFO] 23:37:48:563 CPU/(46658:46658): Comenzando ciclo con nuevo CTX...
[INFO] 23:37:48:563 CPU/(46658:46658): Program Counter: 4
[INFO] 23:37:48:563 CPU/(46658:46658): Instruccion nº5: 9
[INFO] 23:37:48:563 CPU/(46658:46658): PID: 0  -Ejecutando: 9 - DISCO
[INFO] 23:37:48:563 CPU/(46658:46658): Se recibio un contexto del kernel
[INFO] 23:37:48:563 CPU/(46658:46658): Comenzando ciclo con nuevo CTX...
[INFO] 23:37:48:563 CPU/(46658:46658): Program Counter: 5
[INFO] 23:37:48:563 CPU/(46658:46658): Instruccion nº6: 10
[INFO] 23:37:48:563 CPU/(46658:46658): PID: 0  -Ejecutando: 10 - DISCO
[INFO] 23:37:48:564 CPU/(46658:46658): Se recibio un contexto del kernel
[INFO] 23:37:48:564 CPU/(46658:46658): Comenzando ciclo con nuevo CTX...
[INFO] 23:37:48:564 CPU/(46658:46658): Program Counter: 6
[INFO] 23:37:48:564 CPU/(46658:46658): Instruccion nº7: 15
[INFO] 23:37:48:564 CPU/(46658:46658): PID: 0  -Ejecutando: 15
[INFO] 23:37:48:564 CPU/(46658:46658): Se recibio un contexto del kernel
[INFO] 23:37:48:564 CPU/(46658:46658): Comenzando ciclo con nuevo CTX...
[INFO] 23:37:48:564 CPU/(46658:46658): Program Counter: 7
[INFO] 23:37:48:564 CPU/(46658:46658): Instruccion nº7: 14
[INFO] 23:37:48:564 CPU/(46658:46658): PID: 0  -Ejecutando: 14
[INFO] 23:38:22:312 CPU/(46658:46658): Se recibio un contexto del kernel
[INFO] 23:38:22:312 CPU/(46658:46658): Comenzando ciclo con nuevo CTX...
[INFO] 23:38:22:312 CPU/(46658:46658): Program Counter: 0
[INFO] 23:38:22:312 CPU/(46658:46658): Instruccion nº1: 8
[INFO] 23:38:22:312 CPU/(46658:46658): PID: 1  -Ejecutando: 8 - AX HOLA
[INFO] 23:38:22:312 CPU/(46658:46658): Program Counter: 1
[INFO] 23:38:22:312 CPU/(46658:46658): Instruccion nº2: 5
[INFO] 23:38:22:312 CPU/(46658:46658): PID: 1  -Ejecutando: 5 - BX ASD
[INFO] 23:38:22:312 CPU/(46658:46658): Program Counter: 2
[INFO] 23:38:22:312 CPU/(46658:46658): Instruccion nº3: 2
[INFO] 23:38:22:312 CPU/(46658:46658): PID: 1  -Ejecutando: 2 - ASD BX
[INFO] 23:38:22:312 CPU/(46658:46658): Program Counter: 3
[INFO] 23:38:22:312 CPU/(46658:46658): Instruccion nº4: 7
[INFO] 23:38:22:312 CPU/(46658:46658): PID: 1  -Ejecutando: 7 - 10 
[INFO] 23:38:22:325 CPU/(46658:46658): Se recibio un contexto del kernel
[INFO] 23:38:22:325 CPU/(46658:46658): Comenzando ciclo con nuevo CTX...
[INFO] 23:38:22:325 CPU/(46658:46658): Program Counter: 4
[INFO] 23:38:22:325 CPU/(46658:46658): Instruccion nº5: 9
[INFO] 23:38:22:325 CPU/(46658:46658): PID: 1  -Ejecutando: 9 - DISCO
[INFO] 23:38:22:325 CPU/(46658:46658): Se recibio un contexto del kernel
[INFO] 23:38:22:325 CPU/(46658:46658): Comenzando ciclo con nuevo CTX...
[INFO] 23:38:22:325 CPU/(46658:46658): Program Counter: 5
[INFO] 23:38:22:325 CPU/(46658:46658): Instruccion nº6: 10
[INFO] 23:38:22:325 CPU/(46658:46658): PID: 1  -Ejecutando: 10 - DISCO
[INFO] 23:38:22:326 CPU/(46658:46658): Se recibio un contexto del kernel
[INFO] 23:38:22:326 CPU/(46658:46658): Comenzando ciclo con nuevo CTX...
[INFO] 23:38:22:326 CPU/(46658:46658): Program Counter: 6
[INFO] 23:38:22:326 CPU/(46658:46658): Instruccion nº7: 15
[INFO] 23:38:22:326 CPU/(46658:46658): PID: 1  -Ejecutando: 15
[INFO] 23:38:22:326 CPU/(46658:46658): Se recibio un contexto del kernel
[INFO] 23:38:22:326 CPU/(46658:46658): Comenzando ciclo con nuevo CTX...
[INFO] 23:38:22:326 CPU/(46658:46658): Program Counter: 7
[INFO] 23:38:22:326 CPU/(46658:46658): Instruccion nº7: 14
[INFO] 23:38:22:326 CPU/(46658:46658): PID: 1  -Ejecutando: 14
