[INFO] 20:12:41:716 MEMORIA/(3668:3668): Esperando conexiones de modulos...
[INFO] 20:14:15:259 MEMORIA/(4563:4563): Se creo el espacio contiguo de memoria
[INFO] 20:14:15:259 MEMORIA/(4563:4563): Esperando conexiones de modulos...
[INFO] 20:24:08:163 MEMORIA/(5842:5842): Se creo el espacio contiguo de memoria
[INFO] 20:26:08:169 MEMORIA/(6262:6262): Se creo el espacio contiguo de memoria
[INFO] 20:29:04:962 MEMORIA/(6812:6812): Se creo el espacio contiguo de memoria
[INFO] 20:29:09:666 MEMORIA/(6812:6812): Se crearon los segmentos
[INFO] 20:29:27:744 MEMORIA/(6812:6812): Se asigno el segmento 0
[INFO] 20:32:18:767 MEMORIA/(7350:7350): Se creo el espacio contiguo de memoria
[INFO] 20:32:18:767 MEMORIA/(7350:7350): Se crearon los segmentos
[INFO] 20:32:18:767 MEMORIA/(7350:7350): Se asigno el segmento 0
[INFO] 20:32:18:767 MEMORIA/(7350:7350): Se creo el hueco inicial
[INFO] 20:32:34:240 MEMORIA/(7514:7514): Se creo el espacio contiguo de memoria
[INFO] 20:32:34:240 MEMORIA/(7514:7514): Se crearon los segmentos
[INFO] 20:32:34:240 MEMORIA/(7514:7514): Se asigno el segmento 0
[INFO] 20:32:34:240 MEMORIA/(7514:7514): Se creo el hueco inicial
[INFO] 20:34:33:203 MEMORIA/(7929:7929): Se creo el espacio contiguo de memoria
[INFO] 20:34:33:203 MEMORIA/(7929:7929): Se crearon los segmentos
[INFO] 20:34:33:203 MEMORIA/(7929:7929): Se asigno el segmento 0
[INFO] 20:34:33:203 MEMORIA/(7929:7929): Se creo el hueco inicial
[INFO] 20:34:36:790 MEMORIA/(7929:7929): –ÊUUUU
[INFO] 20:35:34:717 MEMORIA/(8239:8239): Se creo el espacio contiguo de memoria
[INFO] 20:35:34:717 MEMORIA/(8239:8239): Se crearon los segmentos
[INFO] 20:35:34:717 MEMORIA/(8239:8239): Se asigno el segmento 0
[INFO] 20:35:34:717 MEMORIA/(8239:8239): Se creo el hueco inicial
[INFO] 20:35:48:527 MEMORIA/(8466:8466): Se creo el espacio contiguo de memoria
[INFO] 20:35:48:527 MEMORIA/(8466:8466): Se crearon los segmentos
[INFO] 20:35:48:527 MEMORIA/(8466:8466): Se asigno el segmento 0
[INFO] 20:35:48:527 MEMORIA/(8466:8466): Se creo el hueco inicial
[INFO] 20:35:49:766 MEMORIA/(8466:8466): Hueco: 1431692976
[INFO] 20:37:16:974 MEMORIA/(8955:8955): Se creo el espacio contiguo de memoria
[INFO] 20:37:16:975 MEMORIA/(8955:8955): Se crearon los segmentos
[INFO] 20:37:16:975 MEMORIA/(8955:8955): Se asigno el segmento 0
[INFO] 20:37:16:975 MEMORIA/(8955:8955): Se creo el hueco inicial
[INFO] 20:38:01:916 MEMORIA/(9289:9289): Se creo el espacio contiguo de memoria
[INFO] 20:38:01:916 MEMORIA/(9289:9289): Se crearon los segmentos
[INFO] 20:38:01:916 MEMORIA/(9289:9289): Se asigno el segmento 0
[INFO] 20:38:01:916 MEMORIA/(9289:9289): Se creo el hueco inicial
[INFO] 20:46:22:592 MEMORIA/(10500:10500): Se creo el espacio contiguo de memoria
[INFO] 20:46:22:592 MEMORIA/(10500:10500): Se crearon los segmentos
[INFO] 20:46:22:592 MEMORIA/(10500:10500): Se asigno el segmento 0
[INFO] 20:46:22:592 MEMORIA/(10500:10500): Se creo el hueco inicial
[INFO] 20:47:16:919 MEMORIA/(10756:10756): Se creo el espacio contiguo de memoria
[INFO] 20:47:16:919 MEMORIA/(10756:10756): Se crearon los segmentos en la tabla de segmentos
[INFO] 20:47:16:919 MEMORIA/(10756:10756): Se asigno el segmento 0
[INFO] 20:47:16:919 MEMORIA/(10756:10756): Se creo el hueco inicial de tamanio 3968
[INFO] 20:47:16:919 MEMORIA/(10756:10756): Esperando conexiones de modulos...
[INFO] 23:14:05:065 MEMORIA/(24557:24557): Se creo el espacio contiguo de memoria
[INFO] 23:14:05:065 MEMORIA/(24557:24557): Se crearon los segmentos en la tabla de segmentos
[INFO] 23:14:05:065 MEMORIA/(24557:24557): Se asigno el segmento 0
[INFO] 23:14:05:065 MEMORIA/(24557:24557): Se creo el hueco inicial de tamanio 3968
[INFO] 23:14:05:065 MEMORIA/(24557:24557): Esperando conexiones de modulos...
[INFO] 23:14:17:373 MEMORIA/(24557:24557): Se conecto el cpu
[INFO] 23:14:17:374 MEMORIA/(24557:24713): Me llego el mensaje: Hola soy la CPU
[INFO] 23:14:22:528 MEMORIA/(24557:24557): Se conecto el kernel
[INFO] 23:14:26:886 MEMORIA/(24557:24864): Me llego el mensaje: Dame la tabla de segmentos inicial
[ERROR] 23:14:26:887 MEMORIA/(24557:24864): Operacion desconocida
[INFO] 23:17:20:303 MEMORIA/(25649:25649): Se creo el espacio contiguo de memoria
[INFO] 23:17:20:303 MEMORIA/(25649:25649): Se crearon los segmentos en la tabla de segmentos
[INFO] 23:17:20:303 MEMORIA/(25649:25649): Se asigno el segmento 0
[INFO] 23:17:20:303 MEMORIA/(25649:25649): Se creo el hueco inicial de tamanio 3968
[INFO] 23:17:20:303 MEMORIA/(25649:25649): Esperando conexiones de modulos...
[INFO] 23:17:33:629 MEMORIA/(25649:25649): Se conecto el cpu
[INFO] 23:17:33:630 MEMORIA/(25649:25875): Me llego el mensaje: Hola soy la CPU
[INFO] 23:17:41:935 MEMORIA/(25649:25649): Se conecto el kernel
[INFO] 23:17:49:364 MEMORIA/(25649:26061): Me llego el mensaje: Dame la tabla de segmentos inicial
[ERROR] 23:18:13:829 MEMORIA/(25649:26061): Operacion desconocida
[INFO] 23:21:08:368 MEMORIA/(26681:26681): Se creo el espacio contiguo de memoria
[INFO] 23:21:08:368 MEMORIA/(26681:26681): Se crearon los segmentos en la tabla de segmentos
[INFO] 23:21:08:368 MEMORIA/(26681:26681): Se asigno el segmento 0
[INFO] 23:21:08:368 MEMORIA/(26681:26681): Se creo el hueco inicial de tamanio 3968
[INFO] 23:21:08:368 MEMORIA/(26681:26681): Esperando conexiones de modulos...
[INFO] 23:21:15:396 MEMORIA/(26681:26681): Se conecto el cpu
[INFO] 23:21:15:397 MEMORIA/(26681:26878): Me llego el mensaje: Hola soy la CPU
[INFO] 23:21:20:538 MEMORIA/(26681:26681): Se conecto el kernel
[ERROR] 23:21:25:416 MEMORIA/(26681:27102): Operacion desconocida
[INFO] 23:23:17:230 MEMORIA/(27563:27563): Se creo el espacio contiguo de memoria
[INFO] 23:23:17:230 MEMORIA/(27563:27563): Se crearon los segmentos en la tabla de segmentos
[INFO] 23:23:17:230 MEMORIA/(27563:27563): Se asigno el segmento 0
[INFO] 23:23:17:230 MEMORIA/(27563:27563): Se creo el hueco inicial de tamanio 3968
[INFO] 23:23:17:230 MEMORIA/(27563:27563): Esperando conexiones de modulos...
[INFO] 23:23:23:068 MEMORIA/(27563:27563): Se conecto el cpu
[INFO] 23:23:23:068 MEMORIA/(27563:27734): Me llego el mensaje: Hola soy la CPU
[INFO] 23:23:28:101 MEMORIA/(27563:27563): Se conecto el kernel
[INFO] 23:24:40:368 MEMORIA/(27563:27956): Se recibio un CREATE_SEGMENT
[INFO] 23:24:40:368 MEMORIA/(27563:27956): PID: 0
[INFO] 23:24:40:368 MEMORIA/(27563:27956): Motivos de desalojo: -402650096
[ERROR] 23:24:55:445 MEMORIA/(27563:27956): Operacion desconocida
[INFO] 23:25:16:573 MEMORIA/(28513:28513): Se creo el espacio contiguo de memoria
[INFO] 23:25:16:573 MEMORIA/(28513:28513): Se crearon los segmentos en la tabla de segmentos
[INFO] 23:25:16:573 MEMORIA/(28513:28513): Se asigno el segmento 0
[INFO] 23:25:16:573 MEMORIA/(28513:28513): Se creo el hueco inicial de tamanio 3968
[INFO] 23:25:16:573 MEMORIA/(28513:28513): Esperando conexiones de modulos...
[INFO] 23:25:24:401 MEMORIA/(28513:28513): Se conecto el cpu
[INFO] 23:25:24:401 MEMORIA/(28513:28686): Me llego el mensaje: Hola soy la CPU
[INFO] 23:25:33:238 MEMORIA/(28513:28513): Se conecto el kernel
[INFO] 23:25:40:488 MEMORIA/(28513:28876): Se recibio un CREATE_SEGMENT
[INFO] 23:25:40:488 MEMORIA/(28513:28876): PID: 0
[INFO] 23:25:40:488 MEMORIA/(28513:28876): Motivos de desalojo: -402650096
[ERROR] 23:25:40:488 MEMORIA/(28513:28876): Operacion desconocida
[INFO] 23:26:15:805 MEMORIA/(29308:29308): Se creo el espacio contiguo de memoria
[INFO] 23:26:15:805 MEMORIA/(29308:29308): Se crearon los segmentos en la tabla de segmentos
[INFO] 23:26:15:805 MEMORIA/(29308:29308): Se asigno el segmento 0
[INFO] 23:26:15:805 MEMORIA/(29308:29308): Se creo el hueco inicial de tamanio 3968
[INFO] 23:26:15:805 MEMORIA/(29308:29308): Esperando conexiones de modulos...
[INFO] 23:26:20:805 MEMORIA/(29308:29308): Se conecto el cpu
[INFO] 23:26:20:806 MEMORIA/(29308:29512): Me llego el mensaje: Hola soy la CPU
[INFO] 23:26:25:249 MEMORIA/(29308:29308): Se conecto el kernel
[INFO] 23:26:33:656 MEMORIA/(29308:29677): Se recibio un CREATE_SEGMENT
[INFO] 23:27:14:111 MEMORIA/(30117:30117): Se creo el espacio contiguo de memoria
[INFO] 23:27:14:111 MEMORIA/(30117:30117): Se crearon los segmentos en la tabla de segmentos
[INFO] 23:27:14:111 MEMORIA/(30117:30117): Se asigno el segmento 0
[INFO] 23:27:14:111 MEMORIA/(30117:30117): Se creo el hueco inicial de tamanio 3968
[INFO] 23:27:14:111 MEMORIA/(30117:30117): Esperando conexiones de modulos...
[INFO] 23:27:17:869 MEMORIA/(30117:30117): Se conecto el cpu
[INFO] 23:27:17:870 MEMORIA/(30117:30263): Me llego el mensaje: Hola soy la CPU
[INFO] 23:27:22:803 MEMORIA/(30117:30117): Se conecto el kernel
[INFO] 23:27:24:834 MEMORIA/(30117:30479): Se recibio un CREATE_SEGMENT
[INFO] 23:27:29:876 MEMORIA/(30117:30479): PID: 0
[INFO] 23:27:32:826 MEMORIA/(30117:30479): Motivos de desalojo: -402649232
[INFO] 00:47:12:193 MEMORIA/(34904:34904): Se creo el espacio contiguo de memoria
[INFO] 00:47:12:193 MEMORIA/(34904:34904): Se creo el hueco inicial de tamanio 3968
[INFO] 00:47:12:193 MEMORIA/(34904:34904): Esperando conexiones de modulos...
[INFO] 00:47:29:447 MEMORIA/(34904:34904): Se conecto el cpu
[INFO] 00:47:29:448 MEMORIA/(34904:35098): Me llego el mensaje: Hola soy la CPU
[INFO] 01:00:25:957 MEMORIA/(37362:37362): Se creo el espacio contiguo de memoria
[INFO] 01:00:25:957 MEMORIA/(37362:37362): Se creo el hueco inicial de tamanio 3968
[INFO] 01:00:25:957 MEMORIA/(37362:37362): Esperando conexiones de modulos...
[INFO] 01:00:32:677 MEMORIA/(37362:37362): Se conecto el cpu
[INFO] 01:00:32:677 MEMORIA/(37362:37593): Me llego el mensaje: Hola soy la CPU
[INFO] 01:00:37:153 MEMORIA/(37362:37362): Se conecto el kernel
[INFO] 01:00:45:467 MEMORIA/(37362:37593): Se desconecto un modulo
[INFO] 01:01:39:833 MEMORIA/(38062:38062): Se creo el espacio contiguo de memoria
[INFO] 01:01:39:833 MEMORIA/(38062:38062): Se creo el hueco inicial de tamanio 3968
[INFO] 01:01:39:833 MEMORIA/(38062:38062): Esperando conexiones de modulos...
[INFO] 01:01:45:035 MEMORIA/(38062:38062): Se conecto el cpu
[INFO] 01:01:45:035 MEMORIA/(38062:38218): Me llego el mensaje: Hola soy la CPU
[INFO] 01:01:49:755 MEMORIA/(38062:38062): Se conecto el kernel
[INFO] 01:02:00:182 MEMORIA/(38062:38218): Se desconecto un modulo
[INFO] 21:13:12:611 MEMORIA/(2707:2707): Se creo el espacio contiguo de memoria
[INFO] 21:13:12:611 MEMORIA/(2707:2707): Se creo el hueco inicial de tamanio 3968
[INFO] 21:13:12:611 MEMORIA/(2707:2707): Esperando conexiones de modulos...
[INFO] 21:13:23:355 MEMORIA/(2707:2707): Se conecto el cpu
[INFO] 21:13:23:355 MEMORIA/(2707:2880): Me llego el mensaje: Hola soy la CPU
[INFO] 21:13:29:838 MEMORIA/(2707:2707): Se conecto el kernel
[INFO] 21:13:49:413 MEMORIA/(2707:2880): Se desconecto un modulo
[INFO] 21:17:01:646 MEMORIA/(3886:3886): Se creo el espacio contiguo de memoria
[INFO] 21:17:01:646 MEMORIA/(3886:3886): Se creo el hueco inicial de tamanio 3968
[INFO] 21:17:01:646 MEMORIA/(3886:3886): Esperando conexiones de modulos...
[INFO] 21:17:06:444 MEMORIA/(3886:3886): Se conecto el cpu
[INFO] 21:17:06:445 MEMORIA/(3886:4020): Me llego el mensaje: Hola soy la CPU
[INFO] 21:17:12:069 MEMORIA/(3886:3886): Se conecto el kernel
[INFO] 21:17:22:549 MEMORIA/(3886:4020): Se desconecto un modulo
[INFO] 21:17:35:718 MEMORIA/(3886:4230): Se desconecto un modulo
[INFO] 21:18:00:288 MEMORIA/(4841:4841): Se creo el espacio contiguo de memoria
[INFO] 21:18:00:288 MEMORIA/(4841:4841): Se creo el hueco inicial de tamanio 3968
[INFO] 21:18:00:288 MEMORIA/(4841:4841): Esperando conexiones de modulos...
[INFO] 21:18:05:766 MEMORIA/(4841:4841): Se conecto el cpu
[INFO] 21:18:05:766 MEMORIA/(4841:4973): Me llego el mensaje: Hola soy la CPU
[INFO] 21:18:10:814 MEMORIA/(4841:4841): Se conecto el kernel
[INFO] 21:18:17:347 MEMORIA/(4841:5159): Se recibio un CREAR_TABLA_SEGMENTOS
[INFO] 21:21:34:304 MEMORIA/(5725:5725): Se creo el espacio contiguo de memoria
[INFO] 21:21:34:304 MEMORIA/(5725:5725): Se creo el hueco inicial de tamanio 3968
[INFO] 21:21:34:304 MEMORIA/(5725:5725): Esperando conexiones de modulos...
[INFO] 21:21:41:470 MEMORIA/(5725:5725): Se conecto el cpu
[INFO] 21:21:41:471 MEMORIA/(5725:5901): Me llego el mensaje: Hola soy la CPU
[INFO] 21:21:47:836 MEMORIA/(5725:5725): Se conecto el kernel
[INFO] 21:22:11:350 MEMORIA/(5725:6123): Se recibio un CREAR_TABLA_SEGMENTOS
[INFO] 21:23:12:451 MEMORIA/(6697:6697): Se creo el espacio contiguo de memoria
[INFO] 21:23:12:452 MEMORIA/(6697:6697): Se creo el hueco inicial de tamanio 3968
[INFO] 21:23:12:452 MEMORIA/(6697:6697): Esperando conexiones de modulos...
[INFO] 21:23:17:894 MEMORIA/(6697:6697): Se conecto el cpu
[INFO] 21:23:17:894 MEMORIA/(6697:6871): Me llego el mensaje: Hola soy la CPU
[INFO] 21:23:23:504 MEMORIA/(6697:6697): Se conecto el kernel
[INFO] 21:23:54:837 MEMORIA/(6697:7071): Se recibio un CREAR_TABLA_SEGMENTOS
[INFO] 21:26:45:086 MEMORIA/(8138:8138): Se creo el espacio contiguo de memoria
[INFO] 21:26:45:086 MEMORIA/(8138:8138): Se creo el hueco inicial de tamanio 3968
[INFO] 21:26:45:086 MEMORIA/(8138:8138): Esperando conexiones de modulos...
[INFO] 21:26:51:252 MEMORIA/(8138:8138): Se conecto el cpu
[INFO] 21:26:51:253 MEMORIA/(8138:8313): Me llego el mensaje: Hola soy la CPU
[INFO] 21:26:59:286 MEMORIA/(8138:8138): Se conecto el kernel
[INFO] 21:27:09:120 MEMORIA/(8138:8538): Se recibio un CREAR_TABLA_SEGMENTOS
[INFO] 21:28:18:758 MEMORIA/(9247:9247): Se creo el espacio contiguo de memoria
[INFO] 21:28:18:758 MEMORIA/(9247:9247): Se creo el hueco inicial de tamanio 3968
[INFO] 21:28:18:758 MEMORIA/(9247:9247): Esperando conexiones de modulos...
[INFO] 21:28:24:817 MEMORIA/(9247:9247): Se conecto el cpu
[INFO] 21:28:24:817 MEMORIA/(9247:9423): Me llego el mensaje: Hola soy la CPU
[INFO] 21:28:29:395 MEMORIA/(9247:9247): Se conecto el kernel
[INFO] 21:28:48:084 MEMORIA/(9247:9573): Se recibio un CREAR_TABLA_SEGMENTOS
[INFO] 23:38:10:276 MEMORIA/(4806:4806): Se creo el espacio contiguo de memoria
[INFO] 23:38:10:276 MEMORIA/(4806:4806): Se creo la lista de huecos
[INFO] 23:43:39:714 MEMORIA/(5381:5381): Se creo el espacio contiguo de memoria
[INFO] 23:43:39:714 MEMORIA/(5381:5381): Se creo la lista de huecos
[INFO] 23:46:28:494 MEMORIA/(5815:5815): Se creo el espacio contiguo de memoria
[INFO] 23:46:28:494 MEMORIA/(5815:5815): Se creo la lista de huecos
[INFO] 23:46:33:759 MEMORIA/(5815:5815): Se creo el segmento 0
[INFO] 23:48:02:876 MEMORIA/(6133:6133): Se creo el espacio contiguo de memoria
[INFO] 23:48:02:877 MEMORIA/(6133:6133): Se creo la lista de huecos
[INFO] 23:48:08:742 MEMORIA/(6133:6133): Se creo el segmento 0
[INFO] 23:48:13:638 MEMORIA/(6133:6133): Esperando conexiones de modulos...
[INFO] 23:48:21:568 MEMORIA/(6133:6133): Se conecto el kernel
[INFO] 00:55:39:197 MEMORIA/(9873:9873): Se creo el espacio contiguo de memoria
[INFO] 00:55:39:197 MEMORIA/(9873:9873): Se creo la lista de huecos
[INFO] 00:57:02:358 MEMORIA/(10492:10492): Se creo el espacio contiguo de memoria
[INFO] 00:57:02:358 MEMORIA/(10492:10492): Se creo la lista de huecos
[INFO] 01:27:52:563 MEMORIA/(14692:14692): Se creo el espacio contiguo de memoria
[INFO] 01:27:52:563 MEMORIA/(14692:14692): Se creo el segmento 0
[INFO] 01:27:52:563 MEMORIA/(14692:14692): Se creo la lista de huecos libres
[INFO] 01:27:52:563 MEMORIA/(14692:14692): Esperando conexiones de modulos...
[INFO] 01:29:12:790 MEMORIA/(14692:14692): Se conecto el cpu
[INFO] 01:29:12:790 MEMORIA/(14692:15145): Me llego el mensaje: Hola soy la CPU
[INFO] 01:29:18:091 MEMORIA/(14692:14692): Se conecto el kernel
[INFO] 01:29:27:909 MEMORIA/(14692:15366): Se recibio un CREAR_TABLA_SEGMENTOS
[INFO] 01:30:30:634 MEMORIA/(16015:16015): Se creo el espacio contiguo de memoria
[INFO] 01:30:30:634 MEMORIA/(16015:16015): Se creo el segmento 0
[INFO] 01:30:30:634 MEMORIA/(16015:16015): Se creo la lista de huecos libres
[INFO] 01:30:30:634 MEMORIA/(16015:16015): Esperando conexiones de modulos...
[INFO] 01:30:40:181 MEMORIA/(16015:16015): Se conecto el cpu
[INFO] 01:30:40:182 MEMORIA/(16015:16264): Me llego el mensaje: Hola soy la CPU
[INFO] 01:30:45:093 MEMORIA/(16015:16015): Se conecto el kernel
[INFO] 01:30:49:649 MEMORIA/(16015:16436): Se recibio un CREAR_TABLA_SEGMENTOS
[ERROR] 01:30:49:649 MEMORIA/(16015:16436): Operacion desconocida
[INFO] 01:31:22:830 MEMORIA/(16015:16264): Se desconecto un modulo
[INFO] 01:31:30:786 MEMORIA/(16950:16950): Se creo el espacio contiguo de memoria
[INFO] 01:31:30:786 MEMORIA/(16950:16950): Se creo el segmento 0
[INFO] 01:31:30:786 MEMORIA/(16950:16950): Se creo la lista de huecos libres
[INFO] 01:31:30:786 MEMORIA/(16950:16950): Esperando conexiones de modulos...
[INFO] 01:31:35:242 MEMORIA/(16950:16950): Se conecto el cpu
[INFO] 01:31:35:242 MEMORIA/(16950:17103): Me llego el mensaje: Hola soy la CPU
[INFO] 01:31:39:160 MEMORIA/(16950:16950): Se conecto el kernel
[INFO] 01:31:43:161 MEMORIA/(16950:17253): Se recibio un CREAR_TABLA_SEGMENTOS
[INFO] 01:34:38:558 MEMORIA/(17950:17950): Se creo el espacio contiguo de memoria
[INFO] 01:34:38:559 MEMORIA/(17950:17950): Se creo el segmento 0
[INFO] 01:34:38:559 MEMORIA/(17950:17950): Se creo la lista de huecos libres
[INFO] 01:34:38:559 MEMORIA/(17950:17950): Esperando conexiones de modulos...
[INFO] 01:34:44:949 MEMORIA/(17950:17950): Se conecto el cpu
[INFO] 01:34:44:950 MEMORIA/(17950:18123): Me llego el mensaje: Hola soy la CPU
[INFO] 01:34:49:161 MEMORIA/(17950:17950): Se conecto el kernel
[INFO] 01:34:53:458 MEMORIA/(17950:18265): Se recibio un CREAR_TABLA_SEGMENTOS
[INFO] 01:38:43:114 MEMORIA/(19093:19093): Se creo el espacio contiguo de memoria
[INFO] 01:38:43:114 MEMORIA/(19093:19093): Se creo el segmento 0
[INFO] 01:38:43:114 MEMORIA/(19093:19093): Se creo la lista de huecos libres
[INFO] 01:38:43:114 MEMORIA/(19093:19093): Esperando conexiones de modulos...
[INFO] 01:38:47:706 MEMORIA/(19093:19093): Se conecto el cpu
[INFO] 01:38:47:706 MEMORIA/(19093:19265): Me llego el mensaje: Hola soy la CPU
[INFO] 01:38:51:429 MEMORIA/(19093:19093): Se conecto el kernel
[INFO] 01:38:55:641 MEMORIA/(19093:19416): Se recibio un CREAR_TABLA_SEGMENTOS
[ERROR] 01:38:59:996 MEMORIA/(19093:19416): Operacion desconocida
[INFO] 01:39:51:557 MEMORIA/(19093:19265): Se desconecto un modulo
[INFO] 01:41:03:665 MEMORIA/(20199:20199): Se creo el espacio contiguo de memoria
[INFO] 01:41:03:665 MEMORIA/(20199:20199): Se creo el segmento 0
[INFO] 01:41:03:665 MEMORIA/(20199:20199): Se creo la lista de huecos libres
[INFO] 01:41:03:665 MEMORIA/(20199:20199): Esperando conexiones de modulos...
[INFO] 01:41:08:288 MEMORIA/(20199:20199): Se conecto el cpu
[INFO] 01:41:08:288 MEMORIA/(20199:20355): Me llego el mensaje: Hola soy la CPU
[INFO] 01:42:15:019 MEMORIA/(20199:20199): Se conecto el kernel
[INFO] 01:42:19:536 MEMORIA/(20199:20809): Se recibio un CREAR_TABLA_SEGMENTOS
[ERROR] 01:42:19:536 MEMORIA/(20199:20809): Operacion desconocida
[INFO] 01:43:27:820 MEMORIA/(20199:20355): Se desconecto un modulo
[INFO] 16:35:11:877 MEMORIA/(5928:5928): Se creo el espacio contiguo de memoria
[INFO] 16:35:11:877 MEMORIA/(5928:5928): Se creo el segmento 0
[INFO] 16:35:11:877 MEMORIA/(5928:5928): Se creo la lista de huecos libres
[INFO] 16:35:11:877 MEMORIA/(5928:5928): Esperando conexiones de modulos...
[INFO] 16:35:26:505 MEMORIA/(5928:5928): Se conecto el cpu
[INFO] 16:35:26:506 MEMORIA/(5928:6152): Me llego el mensaje: Hola soy la CPU
[INFO] 16:35:32:907 MEMORIA/(5928:5928): Se conecto el kernel
[INFO] 16:35:38:172 MEMORIA/(5928:6436): Se recibio un CREAR_TABLA_SEGMENTOS
[ERROR] 16:35:38:172 MEMORIA/(5928:6436): Operacion desconocida
[INFO] 16:35:53:328 MEMORIA/(5928:6152): Se desconecto un modulo
[INFO] 17:16:32:717 MEMORIA/(8940:8940): Se creo el espacio contiguo de memoria
[INFO] 17:16:32:717 MEMORIA/(8940:8940): Se creo el segmento 0
[INFO] 17:16:32:717 MEMORIA/(8940:8940): Se creo la lista de huecos libres
[INFO] 17:16:32:717 MEMORIA/(8940:8940): Esperando conexiones de modulos...
[INFO] 17:16:37:927 MEMORIA/(8940:8940): Se conecto el cpu
[INFO] 17:16:37:928 MEMORIA/(8940:9096): Me llego el mensaje: Hola soy la CPU
[INFO] 17:18:15:639 MEMORIA/(9957:9957): Se creo el espacio contiguo de memoria
[INFO] 17:18:15:639 MEMORIA/(9957:9957): Se creo el segmento 0
[INFO] 17:18:15:639 MEMORIA/(9957:9957): Se creo la lista de huecos libres
[INFO] 17:18:15:639 MEMORIA/(9957:9957): Esperando conexiones de modulos...
[INFO] 17:18:19:815 MEMORIA/(9957:9957): Se conecto el cpu
[INFO] 17:18:19:816 MEMORIA/(9957:10130): Me llego el mensaje: Hola soy la CPU
[INFO] 17:18:24:198 MEMORIA/(9957:9957): Se conecto el kernel
[INFO] 17:18:29:149 MEMORIA/(9957:10362): Se recibio un CREAR_TABLA_SEGMENTOS
[ERROR] 17:18:29:149 MEMORIA/(9957:10362): Operacion desconocida
[INFO] 17:19:27:634 MEMORIA/(10987:10987): Se creo el espacio contiguo de memoria
[INFO] 17:19:27:634 MEMORIA/(10987:10987): Se creo el segmento 0
[INFO] 17:19:27:634 MEMORIA/(10987:10987): Se creo la lista de huecos libres
[INFO] 17:19:27:634 MEMORIA/(10987:10987): Esperando conexiones de modulos...
[INFO] 17:19:31:472 MEMORIA/(10987:10987): Se conecto el cpu
[INFO] 17:19:31:473 MEMORIA/(10987:11135): Me llego el mensaje: Hola soy la CPU
[INFO] 17:19:35:620 MEMORIA/(10987:10987): Se conecto el kernel
[INFO] 17:19:44:411 MEMORIA/(10987:11317): Se recibio un CREAR_TABLA_SEGMENTOS
[INFO] 17:22:06:219 MEMORIA/(12280:12280): Se creo el espacio contiguo de memoria
[INFO] 17:22:06:219 MEMORIA/(12280:12280): Se creo el segmento 0
[INFO] 17:22:06:219 MEMORIA/(12280:12280): Se creo la lista de huecos libres
[INFO] 17:22:06:219 MEMORIA/(12280:12280): Esperando conexiones de modulos...
[INFO] 17:22:13:765 MEMORIA/(12280:12280): Se conecto el cpu
[INFO] 17:22:13:766 MEMORIA/(12280:12480): Me llego el mensaje: Hola soy la CPU
[INFO] 17:22:18:303 MEMORIA/(12280:12280): Se conecto el kernel
[INFO] 17:22:30:658 MEMORIA/(12280:12696): Se recibio un CREAR_TABLA_SEGMENTOS
[INFO] 17:23:08:994 MEMORIA/(13257:13257): Se creo el espacio contiguo de memoria
[INFO] 17:23:08:994 MEMORIA/(13257:13257): Se creo el segmento 0
[INFO] 17:23:08:994 MEMORIA/(13257:13257): Se creo la lista de huecos libres
[INFO] 17:23:08:994 MEMORIA/(13257:13257): Esperando conexiones de modulos...
[INFO] 17:23:13:153 MEMORIA/(13257:13257): Se conecto el cpu
[INFO] 17:23:13:153 MEMORIA/(13257:13421): Me llego el mensaje: Hola soy la CPU
[INFO] 17:23:17:727 MEMORIA/(13257:13257): Se conecto el kernel
[INFO] 17:23:24:746 MEMORIA/(13257:13625): Se recibio un CREAR_TABLA_SEGMENTOS
[ERROR] 17:23:43:432 MEMORIA/(13257:13625): Operacion desconocida
[INFO] 17:23:53:578 MEMORIA/(14135:14135): Se creo el espacio contiguo de memoria
[INFO] 17:23:53:578 MEMORIA/(14135:14135): Se creo el segmento 0
[INFO] 17:23:53:578 MEMORIA/(14135:14135): Se creo la lista de huecos libres
[INFO] 17:23:53:578 MEMORIA/(14135:14135): Esperando conexiones de modulos...
[INFO] 17:28:22:815 MEMORIA/(16267:16267): Se creo el espacio contiguo de memoria
[INFO] 17:28:22:815 MEMORIA/(16267:16267): Se creo el segmento 0
[INFO] 17:28:22:815 MEMORIA/(16267:16267): Se creo la lista de huecos libres
[INFO] 17:28:22:815 MEMORIA/(16267:16267): Esperando conexiones de modulos...
[INFO] 17:28:27:421 MEMORIA/(16267:16267): Se conecto el cpu
[INFO] 17:28:27:421 MEMORIA/(16267:16423): Me llego el mensaje: Hola soy la CPU
[INFO] 17:28:31:881 MEMORIA/(16267:16267): Se conecto el kernel
[INFO] 17:28:39:373 MEMORIA/(16267:16612): Se recibio un CREAR_TABLA_SEGMENTOS
[INFO] 17:29:28:860 MEMORIA/(17240:17240): Se creo el espacio contiguo de memoria
[INFO] 17:29:28:860 MEMORIA/(17240:17240): Se creo el segmento 0
[INFO] 17:29:28:861 MEMORIA/(17240:17240): Se creo la lista de huecos libres
[INFO] 17:29:28:861 MEMORIA/(17240:17240): Esperando conexiones de modulos...
[INFO] 17:29:32:968 MEMORIA/(17240:17240): Se conecto el cpu
[INFO] 17:29:32:968 MEMORIA/(17240:17398): Me llego el mensaje: Hola soy la CPU
[INFO] 17:29:38:052 MEMORIA/(17240:17240): Se conecto el kernel
[INFO] 17:29:42:935 MEMORIA/(17240:17581): Se recibio un CREAR_TABLA_SEGMENTOS
[ERROR] 17:29:47:966 MEMORIA/(17240:17581): Operacion desconocida
[INFO] 17:30:13:307 MEMORIA/(17240:17581): Se recibio un CREATE_SEGMENT
[INFO] 17:31:33:118 MEMORIA/(18342:18342): Se creo el espacio contiguo de memoria
[INFO] 17:31:33:118 MEMORIA/(18342:18342): Se creo el segmento 0
[INFO] 17:31:33:118 MEMORIA/(18342:18342): Se creo la lista de huecos libres
[INFO] 17:31:33:118 MEMORIA/(18342:18342): Esperando conexiones de modulos...
[INFO] 17:31:37:139 MEMORIA/(18342:18342): Se conecto el cpu
[INFO] 17:31:37:140 MEMORIA/(18342:18483): Me llego el mensaje: Hola soy la CPU
[INFO] 17:31:41:612 MEMORIA/(18342:18342): Se conecto el kernel
[INFO] 17:31:45:165 MEMORIA/(18342:18647): Se recibio un CREAR_TABLA_SEGMENTOS
[ERROR] 17:31:45:165 MEMORIA/(18342:18647): Operacion desconocida
[INFO] 17:31:48:533 MEMORIA/(18342:18647): Se recibio un CREATE_SEGMENT
[INFO] 17:32:11:311 MEMORIA/(19107:19107): Se creo el espacio contiguo de memoria
[INFO] 17:32:11:311 MEMORIA/(19107:19107): Se creo el segmento 0
[INFO] 17:32:11:311 MEMORIA/(19107:19107): Se creo la lista de huecos libres
[INFO] 17:32:11:311 MEMORIA/(19107:19107): Esperando conexiones de modulos...
[INFO] 17:32:15:832 MEMORIA/(19107:19107): Se conecto el cpu
[INFO] 17:32:15:832 MEMORIA/(19107:19270): Me llego el mensaje: Hola soy la CPU
[INFO] 17:32:19:563 MEMORIA/(19107:19107): Se conecto el kernel
[INFO] 17:32:23:049 MEMORIA/(19107:19437): Se recibio un CREAR_TABLA_SEGMENTOS
[ERROR] 17:32:23:049 MEMORIA/(19107:19437): Operacion desconocida
[INFO] 17:32:23:050 MEMORIA/(19107:19437): Se recibio un CREATE_SEGMENT
[INFO] 17:34:39:560 MEMORIA/(20010:20010): Se creo el espacio contiguo de memoria
[INFO] 17:34:39:560 MEMORIA/(20010:20010): Se creo el segmento 0
[INFO] 17:34:39:560 MEMORIA/(20010:20010): Se creo la lista de huecos libres
[INFO] 17:34:39:560 MEMORIA/(20010:20010): Esperando conexiones de modulos...
[INFO] 17:34:43:590 MEMORIA/(20010:20010): Se conecto el cpu
[INFO] 17:34:43:590 MEMORIA/(20010:20170): Me llego el mensaje: Hola soy la CPU
[INFO] 17:34:47:678 MEMORIA/(20010:20010): Se conecto el kernel
[INFO] 17:34:51:258 MEMORIA/(20010:20373): Se recibio un CREAR_TABLA_SEGMENTOS
[ERROR] 17:34:51:258 MEMORIA/(20010:20373): Operacion desconocida
[INFO] 17:34:51:259 MEMORIA/(20010:20373): Se recibio un CREATE_SEGMENT
[INFO] 17:35:27:094 MEMORIA/(20793:20793): Se creo el espacio contiguo de memoria
[INFO] 17:35:27:094 MEMORIA/(20793:20793): Se creo el segmento 0
[INFO] 17:35:27:094 MEMORIA/(20793:20793): Se creo la lista de huecos libres
[INFO] 17:35:27:094 MEMORIA/(20793:20793): Esperando conexiones de modulos...
[INFO] 17:35:30:597 MEMORIA/(20793:20793): Se conecto el cpu
[INFO] 17:35:30:597 MEMORIA/(20793:20939): Me llego el mensaje: Hola soy la CPU
[INFO] 17:35:34:448 MEMORIA/(20793:20793): Se conecto el kernel
[INFO] 17:35:38:010 MEMORIA/(20793:21103): Se recibio un CREAR_TABLA_SEGMENTOS
[ERROR] 17:35:38:010 MEMORIA/(20793:21103): Operacion desconocida
[INFO] 17:35:38:012 MEMORIA/(20793:21103): Se recibio un CREATE_SEGMENT
[INFO] 17:36:16:450 MEMORIA/(21586:21586): Se creo el espacio contiguo de memoria
[INFO] 17:36:16:450 MEMORIA/(21586:21586): Se creo el segmento 0
[INFO] 17:36:16:450 MEMORIA/(21586:21586): Se creo la lista de huecos libres
[INFO] 17:36:16:451 MEMORIA/(21586:21586): Esperando conexiones de modulos...
[INFO] 17:36:20:030 MEMORIA/(21586:21586): Se conecto el cpu
[INFO] 17:36:20:031 MEMORIA/(21586:21728): Me llego el mensaje: Hola soy la CPU
[INFO] 17:36:23:523 MEMORIA/(21586:21586): Se conecto el kernel
[INFO] 17:36:26:067 MEMORIA/(21586:21893): Se recibio un CREAR_TABLA_SEGMENTOS
[ERROR] 17:36:26:068 MEMORIA/(21586:21893): Operacion desconocida
[INFO] 17:36:26:069 MEMORIA/(21586:21893): Se recibio un CREATE_SEGMENT
[INFO] 17:39:11:781 MEMORIA/(22937:22937): Se creo el espacio contiguo de memoria
[INFO] 17:39:11:781 MEMORIA/(22937:22937): Se creo el segmento 0
[INFO] 17:39:11:781 MEMORIA/(22937:22937): Se creo la lista de huecos libres
[INFO] 17:39:11:781 MEMORIA/(22937:22937): Esperando conexiones de modulos...
[INFO] 17:40:37:785 MEMORIA/(23825:23825): Se creo el espacio contiguo de memoria
[INFO] 17:40:37:786 MEMORIA/(23825:23825): Se creo el segmento 0
[INFO] 17:40:37:786 MEMORIA/(23825:23825): Se creo la lista de huecos libres
[INFO] 17:40:37:786 MEMORIA/(23825:23825): Esperando conexiones de modulos...
[INFO] 17:40:41:836 MEMORIA/(23825:23825): Se conecto el cpu
[INFO] 17:40:41:837 MEMORIA/(23825:23969): Me llego el mensaje: Hola soy la CPU
[INFO] 17:40:45:586 MEMORIA/(23825:23825): Se conecto el kernel
[INFO] 17:40:49:342 MEMORIA/(23825:24119): Se recibio un CREAR_TABLA_SEGMENTOS
[ERROR] 17:40:49:342 MEMORIA/(23825:24119): Operacion desconocida
[INFO] 17:41:34:170 MEMORIA/(24738:24738): Se creo el espacio contiguo de memoria
[INFO] 17:41:34:170 MEMORIA/(24738:24738): Se creo el segmento 0
[INFO] 17:41:34:170 MEMORIA/(24738:24738): Se creo la lista de huecos libres
[INFO] 17:41:34:170 MEMORIA/(24738:24738): Esperando conexiones de modulos...
[INFO] 17:41:38:227 MEMORIA/(24738:24738): Se conecto el cpu
[INFO] 17:41:38:227 MEMORIA/(24738:24931): Me llego el mensaje: Hola soy la CPU
[INFO] 17:41:43:161 MEMORIA/(24738:24738): Se conecto el kernel
[INFO] 17:41:48:900 MEMORIA/(24738:25196): Se recibio un CREAR_TABLA_SEGMENTOS
[ERROR] 17:41:48:900 MEMORIA/(24738:25196): Operacion desconocida
[INFO] 17:41:48:901 MEMORIA/(24738:25196): Se recibio un CREATE_SEGMENT
[INFO] 17:42:42:970 MEMORIA/(25740:25740): Se creo el espacio contiguo de memoria
[INFO] 17:42:42:970 MEMORIA/(25740:25740): Se creo el segmento 0
[INFO] 17:42:42:970 MEMORIA/(25740:25740): Se creo la lista de huecos libres
[INFO] 17:42:42:970 MEMORIA/(25740:25740): Esperando conexiones de modulos...
[INFO] 17:42:48:128 MEMORIA/(25740:25740): Se conecto el cpu
[INFO] 17:42:48:129 MEMORIA/(25740:25910): Me llego el mensaje: Hola soy la CPU
[INFO] 17:42:51:992 MEMORIA/(25740:25740): Se conecto el kernel
[INFO] 17:42:54:713 MEMORIA/(25740:26061): Se recibio un CREAR_TABLA_SEGMENTOS
[ERROR] 17:42:54:713 MEMORIA/(25740:26061): Operacion desconocida
[INFO] 17:42:54:714 MEMORIA/(25740:26061): Se recibio un CREATE_SEGMENT
[INFO] 17:43:12:022 MEMORIA/(26467:26467): Se creo el espacio contiguo de memoria
[INFO] 17:43:12:022 MEMORIA/(26467:26467): Se creo el segmento 0
[INFO] 17:43:12:022 MEMORIA/(26467:26467): Se creo la lista de huecos libres
[INFO] 17:43:12:022 MEMORIA/(26467:26467): Esperando conexiones de modulos...
[INFO] 17:43:16:693 MEMORIA/(26467:26467): Se conecto el cpu
[INFO] 17:43:16:694 MEMORIA/(26467:26626): Me llego el mensaje: Hola soy la CPU
[INFO] 17:43:20:384 MEMORIA/(26467:26467): Se conecto el kernel
[INFO] 17:43:23:010 MEMORIA/(26467:26772): Se recibio un CREAR_TABLA_SEGMENTOS
[ERROR] 17:43:23:010 MEMORIA/(26467:26772): Operacion desconocida
[INFO] 17:43:23:011 MEMORIA/(26467:26772): Se recibio un CREATE_SEGMENT
[INFO] 17:45:16:508 MEMORIA/(27447:27447): Se creo el espacio contiguo de memoria
[INFO] 17:45:16:508 MEMORIA/(27447:27447): Se creo el segmento 0
[INFO] 17:45:16:508 MEMORIA/(27447:27447): Se creo la lista de huecos libres
[INFO] 17:45:16:508 MEMORIA/(27447:27447): Esperando conexiones de modulos...
[INFO] 17:45:22:013 MEMORIA/(27447:27447): Se conecto el cpu
[INFO] 17:45:22:014 MEMORIA/(27447:27590): Me llego el mensaje: Hola soy la CPU
[INFO] 17:45:26:192 MEMORIA/(27447:27447): Se conecto el kernel
[INFO] 17:45:29:546 MEMORIA/(27447:27728): Se recibio un CREAR_TABLA_SEGMENTOS
[ERROR] 17:45:29:546 MEMORIA/(27447:27728): Operacion desconocida
[INFO] 17:45:29:547 MEMORIA/(27447:27728): Se recibio un CREATE_SEGMENT
[INFO] 17:48:57:288 MEMORIA/(28646:28646): Se creo el espacio contiguo de memoria
[INFO] 17:48:57:288 MEMORIA/(28646:28646): Se creo el segmento 0
[INFO] 17:48:57:288 MEMORIA/(28646:28646): Se creo la lista de huecos libres
[INFO] 17:48:57:288 MEMORIA/(28646:28646): Esperando conexiones de modulos...
[INFO] 17:49:00:395 MEMORIA/(28646:28646): Se conecto el cpu
[INFO] 17:49:00:396 MEMORIA/(28646:28800): Me llego el mensaje: Hola soy la CPU
[INFO] 17:49:04:257 MEMORIA/(28646:28646): Se conecto el kernel
[INFO] 17:49:08:083 MEMORIA/(28646:28962): Se recibio un CREAR_TABLA_SEGMENTOS
[ERROR] 17:49:08:083 MEMORIA/(28646:28962): Operacion desconocida
[INFO] 17:49:08:084 MEMORIA/(28646:28962): Se recibio un CREATE_SEGMENT
[INFO] 17:50:37:197 MEMORIA/(28646:28962): Hueco: base 0x55555555b8e0, tamanio 0, libre 0
[INFO] 17:50:37:197 MEMORIA/(28646:28962): Hueco: base 0x55555555b8e0, tamanio 3968, libre 1
[ERROR] 17:50:53:302 MEMORIA/(28646:28962): Operacion desconocida
[INFO] 18:31:14:158 MEMORIA/(29759:29759): Se creo el espacio contiguo de memoria
[INFO] 18:31:14:158 MEMORIA/(29759:29759): Se creo el segmento 0
[INFO] 18:31:14:158 MEMORIA/(29759:29759): Se creo la lista de huecos libres
[INFO] 18:31:14:158 MEMORIA/(29759:29759): Esperando conexiones de modulos...
[INFO] 18:31:18:731 MEMORIA/(29759:29759): Se conecto el cpu
[INFO] 18:31:18:731 MEMORIA/(29759:29892): Me llego el mensaje: Hola soy la CPU
[INFO] 18:31:22:427 MEMORIA/(29759:29759): Se conecto el kernel
[INFO] 18:31:26:263 MEMORIA/(29759:30042): Se recibio un CREAR_TABLA_SEGMENTOS
[ERROR] 18:31:26:263 MEMORIA/(29759:30042): Operacion desconocida
[INFO] 18:31:26:265 MEMORIA/(29759:30042): Se recibio un CREATE_SEGMENT
[INFO] 18:32:10:250 MEMORIA/(30454:30454): Se creo el espacio contiguo de memoria
[INFO] 18:32:10:250 MEMORIA/(30454:30454): Se creo el segmento 0
[INFO] 18:32:10:250 MEMORIA/(30454:30454): Se creo la lista de huecos libres
[INFO] 18:32:10:250 MEMORIA/(30454:30454): Esperando conexiones de modulos...
[INFO] 18:32:14:259 MEMORIA/(30454:30454): Se conecto el cpu
[INFO] 18:32:14:259 MEMORIA/(30454:30620): Me llego el mensaje: Hola soy la CPU
[INFO] 18:32:18:105 MEMORIA/(30454:30454): Se conecto el kernel
[INFO] 18:32:21:787 MEMORIA/(30454:30775): Se recibio un CREAR_TABLA_SEGMENTOS
[ERROR] 18:32:21:787 MEMORIA/(30454:30775): Operacion desconocida
[INFO] 18:32:21:788 MEMORIA/(30454:30775): Se recibio un CREATE_SEGMENT
[INFO] 18:33:11:050 MEMORIA/(31204:31204): Se creo el espacio contiguo de memoria
[INFO] 18:33:11:050 MEMORIA/(31204:31204): Se creo el segmento 0
[INFO] 18:33:11:050 MEMORIA/(31204:31204): Se creo la lista de huecos libres
[INFO] 18:33:11:051 MEMORIA/(31204:31204): Esperando conexiones de modulos...
[INFO] 18:33:14:725 MEMORIA/(31204:31204): Se conecto el cpu
[INFO] 18:33:14:725 MEMORIA/(31204:31350): Me llego el mensaje: Hola soy la CPU
[INFO] 18:33:18:277 MEMORIA/(31204:31204): Se conecto el kernel
[INFO] 18:33:20:699 MEMORIA/(31204:31518): Se recibio un CREAR_TABLA_SEGMENTOS
[ERROR] 18:33:20:699 MEMORIA/(31204:31518): Operacion desconocida
[INFO] 18:33:20:699 MEMORIA/(31204:31518): Se recibio un CREATE_SEGMENT
[INFO] 18:33:51:203 MEMORIA/(31980:31980): Se creo el espacio contiguo de memoria
[INFO] 18:33:51:203 MEMORIA/(31980:31980): Se creo el segmento 0
[INFO] 18:33:51:203 MEMORIA/(31980:31980): Se creo la lista de huecos libres
[INFO] 18:33:51:203 MEMORIA/(31980:31980): Esperando conexiones de modulos...
[INFO] 18:33:55:162 MEMORIA/(31980:31980): Se conecto el cpu
[INFO] 18:33:55:163 MEMORIA/(31980:32111): Me llego el mensaje: Hola soy la CPU
[INFO] 18:33:57:656 MEMORIA/(31980:31980): Se conecto el kernel
[INFO] 18:34:00:206 MEMORIA/(31980:32261): Se recibio un CREAR_TABLA_SEGMENTOS
[ERROR] 18:34:00:206 MEMORIA/(31980:32261): Operacion desconocida
[INFO] 18:34:00:206 MEMORIA/(31980:32261): Se recibio un CREATE_SEGMENT
[INFO] 18:36:46:742 MEMORIA/(32897:32897): Se creo el espacio contiguo de memoria
[INFO] 18:36:46:742 MEMORIA/(32897:32897): Se creo el segmento 0
[INFO] 18:36:46:742 MEMORIA/(32897:32897): Se creo la lista de huecos libres
[INFO] 18:36:46:742 MEMORIA/(32897:32897): Esperando conexiones de modulos...
[INFO] 18:36:51:925 MEMORIA/(32897:32897): Se conecto el cpu
[INFO] 18:36:51:926 MEMORIA/(32897:33028): Me llego el mensaje: Hola soy la CPU
[INFO] 18:36:55:693 MEMORIA/(32897:32897): Se conecto el kernel
[INFO] 18:37:02:558 MEMORIA/(32897:33179): Se recibio un CREAR_TABLA_SEGMENTOS
[ERROR] 18:37:02:559 MEMORIA/(32897:33179): Operacion desconocida
[INFO] 18:37:02:559 MEMORIA/(32897:33179): Se recibio un CREATE_SEGMENT
[INFO] 18:38:11:697 MEMORIA/(33838:33838): Se creo el espacio contiguo de memoria
[INFO] 18:38:11:697 MEMORIA/(33838:33838): Se creo el segmento 0
[INFO] 18:38:11:697 MEMORIA/(33838:33838): Se creo la lista de huecos libres
[INFO] 18:38:11:697 MEMORIA/(33838:33838): Esperando conexiones de modulos...
[INFO] 18:38:15:835 MEMORIA/(33838:33838): Se conecto el cpu
[INFO] 18:38:15:835 MEMORIA/(33838:33978): Me llego el mensaje: Hola soy la CPU
[INFO] 18:38:19:634 MEMORIA/(33838:33838): Se conecto el kernel
[INFO] 18:38:22:050 MEMORIA/(33838:34143): Se recibio un CREAR_TABLA_SEGMENTOS
[ERROR] 18:38:22:050 MEMORIA/(33838:34143): Operacion desconocida
[INFO] 18:38:22:051 MEMORIA/(33838:34143): Se recibio un CREATE_SEGMENT
[INFO] 18:38:25:942 MEMORIA/(33838:34143): Parametros del motivo de desalojo: 1, 128
[INFO] 18:39:54:078 MEMORIA/(33838:34143): Hueco: base 0x55555555c8e0, tamanio 128, libre 0
[INFO] 18:39:54:078 MEMORIA/(33838:34143): Hueco: base 0x55555555c960, tamanio 3840, libre 1
[INFO] 18:41:02:198 MEMORIA/(34694:34694): Se creo el espacio contiguo de memoria
[INFO] 18:41:02:198 MEMORIA/(34694:34694): Se creo el segmento 0
[INFO] 18:41:02:198 MEMORIA/(34694:34694): Se creo la lista de huecos libres
[INFO] 18:41:02:198 MEMORIA/(34694:34694): Esperando conexiones de modulos...
[INFO] 18:41:11:331 MEMORIA/(34694:34694): Se conecto el cpu
[INFO] 18:41:11:331 MEMORIA/(34694:34927): Me llego el mensaje: Hola soy la CPU
[INFO] 18:41:14:735 MEMORIA/(34694:34694): Se conecto el kernel
[INFO] 18:41:18:384 MEMORIA/(34694:35092): Se recibio un CREAR_TABLA_SEGMENTOS
[ERROR] 18:41:18:384 MEMORIA/(34694:35092): Operacion desconocida
[INFO] 18:41:18:384 MEMORIA/(34694:35092): Se recibio un CREATE_SEGMENT
[INFO] 18:41:18:384 MEMORIA/(34694:35092): Parametros del motivo de desalojo: 1, 128
[INFO] 18:41:18:384 MEMORIA/(34694:35092): Hueco: base 0x55555555c8e0, tamanio 128, libre 0
[INFO] 18:41:18:384 MEMORIA/(34694:35092): Hueco: base 0x55555555c960, tamanio 3840, libre 1
[ERROR] 18:41:18:428 MEMORIA/(34694:35092): Operacion desconocida
[ERROR] 18:41:18:428 MEMORIA/(34694:35092): Operacion desconocida
[ERROR] 18:41:18:428 MEMORIA/(34694:35092): Operacion desconocida
[ERROR] 18:41:18:428 MEMORIA/(34694:35092): Operacion desconocida
[ERROR] 18:41:18:428 MEMORIA/(34694:35092): Operacion desconocida
[ERROR] 18:41:18:428 MEMORIA/(34694:35092): Operacion desconocida
[ERROR] 18:41:18:428 MEMORIA/(34694:35092): Operacion desconocida
[ERROR] 18:41:18:428 MEMORIA/(34694:35092): Operacion desconocida
[ERROR] 18:41:18:428 MEMORIA/(34694:35092): Operacion desconocida
[ERROR] 18:41:18:428 MEMORIA/(34694:35092): Operacion desconocida
[INFO] 19:00:02:509 MEMORIA/(38152:38152): Se creo el espacio contiguo de memoria
[INFO] 19:00:02:509 MEMORIA/(38152:38152): Se creo el segmento 0
[INFO] 19:00:02:509 MEMORIA/(38152:38152): Se creo la lista de huecos libres
[INFO] 19:00:02:509 MEMORIA/(38152:38152): Esperando conexiones de modulos...
[INFO] 19:00:06:654 MEMORIA/(38152:38152): Se conecto el cpu
[INFO] 19:00:06:654 MEMORIA/(38152:38284): Me llego el mensaje: Hola soy la CPU
[INFO] 19:00:33:112 MEMORIA/(38152:38152): Se conecto el kernel
[INFO] 19:00:36:893 MEMORIA/(38152:38576): Se recibio un CREAR_TABLA_SEGMENTOS
[ERROR] 19:00:36:893 MEMORIA/(38152:38576): Operacion desconocida
[INFO] 19:00:36:893 MEMORIA/(38152:38576): Se recibio un CREATE_SEGMENT
[INFO] 19:01:11:874 MEMORIA/(39062:39062): Se creo el espacio contiguo de memoria
[INFO] 19:01:11:874 MEMORIA/(39062:39062): Se creo el segmento 0
[INFO] 19:01:11:874 MEMORIA/(39062:39062): Se creo la lista de huecos libres
[INFO] 19:01:11:874 MEMORIA/(39062:39062): Esperando conexiones de modulos...
[INFO] 19:01:15:658 MEMORIA/(39062:39062): Se conecto el cpu
[INFO] 19:01:15:658 MEMORIA/(39062:39246): Me llego el mensaje: Hola soy la CPU
[INFO] 19:01:19:674 MEMORIA/(39062:39062): Se conecto el kernel
[INFO] 19:01:22:123 MEMORIA/(39062:39467): Se recibio un CREAR_TABLA_SEGMENTOS
[ERROR] 19:01:22:123 MEMORIA/(39062:39467): Operacion desconocida
[INFO] 19:01:22:124 MEMORIA/(39062:39467): Se recibio un CREATE_SEGMENT
[INFO] 19:01:22:124 MEMORIA/(39062:39467): Hueco: base 0x55555555c8e0, tamanio 128, libre 0
[INFO] 19:01:22:124 MEMORIA/(39062:39467): Hueco: base 0x55555555c960, tamanio 3840, libre 1
[INFO] 19:02:43:339 MEMORIA/(39967:39967): Se creo el espacio contiguo de memoria
[INFO] 19:02:43:339 MEMORIA/(39967:39967): Se creo el segmento 0
[INFO] 19:02:43:339 MEMORIA/(39967:39967): Se creo la lista de huecos libres
[INFO] 19:02:43:339 MEMORIA/(39967:39967): Esperando conexiones de modulos...
[INFO] 19:02:47:913 MEMORIA/(39967:39967): Se conecto el cpu
[INFO] 19:02:47:913 MEMORIA/(39967:40129): Me llego el mensaje: Hola soy la CPU
[INFO] 19:02:52:593 MEMORIA/(39967:39967): Se conecto el kernel
[INFO] 19:02:58:701 MEMORIA/(39967:40321): Se recibio un CREAR_TABLA_SEGMENTOS
[ERROR] 19:02:58:701 MEMORIA/(39967:40321): Operacion desconocida
[INFO] 19:02:58:702 MEMORIA/(39967:40321): Se recibio un CREATE_SEGMENT
[INFO] 19:02:58:702 MEMORIA/(39967:40321): Hueco: base 0x55555555c8e0, tamanio 128, libre 0
[INFO] 19:02:58:702 MEMORIA/(39967:40321): Hueco: base 0x55555555c960, tamanio 3840, libre 1
[ERROR] 19:03:32:780 MEMORIA/(39967:40321): Operacion desconocida
[ERROR] 19:03:32:780 MEMORIA/(39967:40321): Operacion desconocida
[ERROR] 19:03:32:780 MEMORIA/(39967:40321): Operacion desconocida
[ERROR] 19:03:32:780 MEMORIA/(39967:40321): Operacion desconocida
[ERROR] 19:03:32:780 MEMORIA/(39967:40321): Operacion desconocida
[ERROR] 19:03:32:780 MEMORIA/(39967:40321): Operacion desconocida
[ERROR] 19:03:32:780 MEMORIA/(39967:40321): Operacion desconocida
[ERROR] 19:03:32:780 MEMORIA/(39967:40321): Operacion desconocida
[ERROR] 19:03:32:780 MEMORIA/(39967:40321): Operacion desconocida
[ERROR] 19:03:32:780 MEMORIA/(39967:40321): Operacion desconocida
