[INFO] 17:06:15:308 FILE SYSTEM/(10231:10231): Se levanto el superbloque
[INFO] 17:06:22:729 FILE SYSTEM/(10231:10231): Archivo encontrado: ./fcb/Notas1erParcialK9999

[INFO] 17:11:49:196 FILE SYSTEM/(11322:11322): Se levanto el superbloque
[INFO] 17:11:49:197 FILE SYSTEM/(11322:11322): Archivo encontrado: ./fcb/Notas1erParcialK9999

[INFO] 17:12:14:769 FILE SYSTEM/(11322:11322): El archivo no existe
[INFO] 17:13:03:441 FILE SYSTEM/(11578:11578): Se levanto el superbloque
[INFO] 17:13:03:442 FILE SYSTEM/(11578:11578): Archivo encontrado: ./fcb/Notas1erParcialK9999

[INFO] 17:13:05:486 FILE SYSTEM/(11578:11578): El archivo no existe
[INFO] 17:18:53:898 FILE SYSTEM/(12440:12440): Se levanto el superbloque
[INFO] 17:18:53:899 FILE SYSTEM/(12440:12440): Archivo encontrado: ./fcb/Notas1erParcialK9999

[INFO] 17:18:53:903 FILE SYSTEM/(12440:12440): El archivo no existe
[INFO] 17:19:28:736 FILE SYSTEM/(12440:12440): El archivo no existe
[INFO] 17:20:03:920 FILE SYSTEM/(12734:12734): Se levanto el superbloque
[INFO] 17:20:03:921 FILE SYSTEM/(12734:12734): Archivo encontrado: ./fcb/Notas1erParcialK9999

[INFO] 17:20:03:921 FILE SYSTEM/(12734:12734): El archivo no existe
[INFO] 17:20:14:809 FILE SYSTEM/(12734:12734): El archivo existe
[INFO] 17:21:22:184 FILE SYSTEM/(12977:12977): Se levanto el superbloque
[INFO] 17:21:22:184 FILE SYSTEM/(12977:12977): Archivo encontrado: ./fcb/Notas1erParcialK9999

[INFO] 17:21:22:184 FILE SYSTEM/(12977:12977): El archivo no existe
[INFO] 17:21:23:509 FILE SYSTEM/(12977:12977): El archivo existe
[INFO] 17:23:54:448 FILE SYSTEM/(13228:13228): Se levanto el superbloque
[INFO] 17:23:54:449 FILE SYSTEM/(13228:13228): Se creo un archvo de bitmaps de 65536 bits
[INFO] 17:23:54:449 FILE SYSTEM/(13228:13228): Archivo encontrado: ./fcb/Notas1erParcialK9999

[INFO] 17:23:54:449 FILE SYSTEM/(13228:13228): Archivo encontrado: ./fcb/archivoTestFcb

[INFO] 17:23:57:780 FILE SYSTEM/(13228:13228): El archivo existe
[INFO] 17:23:59:002 FILE SYSTEM/(13228:13228): El archivo existe
[INFO] 17:24:45:815 FILE SYSTEM/(13433:13433): Se levanto el superbloque
[INFO] 17:24:45:817 FILE SYSTEM/(13433:13433): Se creo un archvo de bitmaps de 65536 bits
[INFO] 17:24:45:817 FILE SYSTEM/(13433:13433): Archivo encontrado: ./fcb/Notas1erParcialK9999

[INFO] 17:24:56:901 FILE SYSTEM/(13433:13433): El archivo no existe
[INFO] 17:25:01:546 FILE SYSTEM/(13433:13433): El archivo existe
[INFO] 17:37:48:856 FILE SYSTEM/(15818:15818): Se levanto el superbloque
[INFO] 17:37:48:857 FILE SYSTEM/(15818:15818): Archivo encontrado: ./fcb/Notas1erParcialK9999

[INFO] 17:38:42:288 FILE SYSTEM/(16041:16041): Se levanto el superbloque
[INFO] 17:38:42:289 FILE SYSTEM/(16041:16041): Archivo encontrado: ./fcb/Notas1erParcialK9999

[INFO] 18:37:47:916 FILE SYSTEM/(16714:16714): Se levanto el superbloque
[INFO] 18:37:47:916 FILE SYSTEM/(16714:16714): Archivo encontrado: ./fcb/Notas1erParcialK9999

[INFO] 18:37:51:636 FILE SYSTEM/(16714:16714): El archivo no existe
[INFO] 18:37:55:345 FILE SYSTEM/(16714:16714): El archivo existe
[INFO] 18:44:04:183 FILE SYSTEM/(18042:18042): Se levanto el superbloque
[INFO] 18:44:04:183 FILE SYSTEM/(18042:18042): Archivo encontrado: ./fcb/Notas1erParcialK9999

[INFO] 18:44:04:183 FILE SYSTEM/(18042:18042): Archivo encontrado: ./fcb/archivoTestFcb

[INFO] 18:44:09:474 FILE SYSTEM/(18042:18042): El archivo existe
[INFO] 18:44:09:474 FILE SYSTEM/(18042:18042): El archivo existe
[INFO] 18:44:09:475 FILE SYSTEM/(18042:18042): Se conecto al servidor 127.0.0.1:8002
[INFO] 18:44:09:476 FILE SYSTEM/(18042:18042): Esperando kernel....
[INFO] 18:45:40:984 FILE SYSTEM/(19070:19070): Se levanto el superbloque
[INFO] 18:45:40:984 FILE SYSTEM/(19070:19070): Archivo encontrado: ./fcb/Notas1erParcialK9999

[INFO] 18:45:40:984 FILE SYSTEM/(19070:19070): Archivo encontrado: ./fcb/archivoTestFcb

[INFO] 18:45:40:984 FILE SYSTEM/(19070:19070): El archivo existe
[INFO] 18:45:40:984 FILE SYSTEM/(19070:19070): El archivo existe
[INFO] 18:45:40:984 FILE SYSTEM/(19070:19070): Se conecto al servidor 127.0.0.1:8002
[INFO] 18:45:40:984 FILE SYSTEM/(19070:19070): Esperando kernel....
[INFO] 18:46:29:816 FILE SYSTEM/(19070:19070): Se conecto el kernel
[INFO] 18:46:34:330 FILE SYSTEM/(19070:19070): Se desconecto el kernel
[INFO] 18:46:56:780 FILE SYSTEM/(20055:20055): Se levanto el superbloque
[INFO] 18:46:56:781 FILE SYSTEM/(20055:20055): Archivo encontrado: ./fcb/Notas1erParcialK9999

[INFO] 18:46:56:781 FILE SYSTEM/(20055:20055): Archivo encontrado: ./fcb/archivoTestFcb

[INFO] 18:46:56:781 FILE SYSTEM/(20055:20055): El archivo existe
[INFO] 18:46:56:781 FILE SYSTEM/(20055:20055): El archivo existe
[INFO] 18:46:56:782 FILE SYSTEM/(20055:20055): Se conecto al servidor 127.0.0.1:8002
[INFO] 18:46:56:782 FILE SYSTEM/(20055:20055): Esperando kernel....
[INFO] 18:47:09:380 FILE SYSTEM/(20055:20055): Se conecto el kernel
[INFO] 18:52:14:228 FILE SYSTEM/(20055:20055): Se desconecto el kernel
[INFO] 18:54:52:835 FILE SYSTEM/(21599:21599): Se levanto el superbloque
[INFO] 18:54:52:836 FILE SYSTEM/(21599:21599): Archivo encontrado: ./fcb/Notas1erParcialK9999

[INFO] 18:54:52:837 FILE SYSTEM/(21599:21599): Archivo encontrado: ./fcb/archivoTestFcb

[INFO] 18:54:52:837 FILE SYSTEM/(21599:21599): El archivo existe
[INFO] 18:54:52:837 FILE SYSTEM/(21599:21599): El archivo existe
[INFO] 18:54:52:837 FILE SYSTEM/(21599:21599): Se conecto al servidor 127.0.0.1:8002
[INFO] 18:54:52:840 FILE SYSTEM/(21599:21599): Esperando kernel....
[INFO] 18:55:12:204 FILE SYSTEM/(21599:21599): Se conecto el kernel
[INFO] 18:59:02:319 FILE SYSTEM/(21599:21599): Se desconecto el kernel
[INFO] 18:59:30:585 FILE SYSTEM/(23636:23636): Se levanto el superbloque
[INFO] 18:59:30:585 FILE SYSTEM/(23636:23636): Archivo encontrado: ./fcb/Notas1erParcialK9999

[INFO] 18:59:30:585 FILE SYSTEM/(23636:23636): Archivo encontrado: ./fcb/archivoTestFcb

[INFO] 18:59:30:585 FILE SYSTEM/(23636:23636): El archivo existe
[INFO] 18:59:30:592 FILE SYSTEM/(23636:23636): El archivo existe
[INFO] 18:59:30:592 FILE SYSTEM/(23636:23636): Se conecto al servidor 127.0.0.1:8002
[INFO] 18:59:30:592 FILE SYSTEM/(23636:23636): Esperando kernel....
[INFO] 18:59:48:698 FILE SYSTEM/(23636:23636): Se conecto el kernel
[INFO] 19:08:14:221 FILE SYSTEM/(25786:25786): Se levanto el superbloque
[INFO] 19:08:14:222 FILE SYSTEM/(25786:25786): Archivo encontrado: ./fcb/Notas1erParcialK9999

[INFO] 19:08:14:222 FILE SYSTEM/(25786:25786): Archivo encontrado: ./fcb/archivoTestFcb

[INFO] 19:08:14:223 FILE SYSTEM/(25786:25786): El archivo existe
[INFO] 19:08:14:223 FILE SYSTEM/(25786:25786): El archivo existe
[INFO] 19:20:44:195 FILE SYSTEM/(30363:30363): Se levanto el superbloque
[INFO] 19:20:44:195 FILE SYSTEM/(30363:30363): Archivo encontrado: ./fcb/Notas1erParcialK9999

[INFO] 19:20:44:195 FILE SYSTEM/(30363:30363): Archivo encontrado: ./fcb/archivoTestFcb

[INFO] 19:21:19:992 FILE SYSTEM/(30650:30650): Se levanto el superbloque
[INFO] 19:21:19:992 FILE SYSTEM/(30650:30650): Archivo encontrado: ./fcb/Notas1erParcialK9999

[INFO] 19:21:19:992 FILE SYSTEM/(30650:30650): Archivo encontrado: ./fcb/archivoTestFcb

[ERROR] 19:21:30:313 FILE SYSTEM/(30650:30650): No se pudo conectar al servidor 127.0.0.1:8002
